  [1m[35m (427.4ms)[0m  [1m[35mCREATE DATABASE "MusicApp_development" ENCODING = 'unicode'[0m
  ↳ bin/rails:9
  [1m[35m (323.2ms)[0m  [1m[35mCREATE DATABASE "MusicApp_test" ENCODING = 'unicode'[0m
  ↳ bin/rails:9
  [1m[35m (32.3ms)[0m  [1m[35mCREATE TABLE "schema_migrations" ("version" character varying NOT NULL PRIMARY KEY)[0m
  ↳ bin/rails:9
  [1m[35m (39.0ms)[0m  [1m[35mCREATE TABLE "ar_internal_metadata" ("key" character varying NOT NULL PRIMARY KEY, "value" character varying, "created_at" timestamp NOT NULL, "updated_at" timestamp NOT NULL)[0m
  ↳ bin/rails:9
  [1m[35m (1.4ms)[0m  [1m[34mSELECT "schema_migrations"."version" FROM "schema_migrations" ORDER BY "schema_migrations"."version" ASC[0m
  ↳ bin/rails:9
  [1m[35m (1.0ms)[0m  [1m[34mSELECT pg_try_advisory_lock(1555902080779534005)[0m
  ↳ bin/rails:9
  [1m[35m (0.8ms)[0m  [1m[34mSELECT "schema_migrations"."version" FROM "schema_migrations" ORDER BY "schema_migrations"."version" ASC[0m
  ↳ bin/rails:9
Migrating to CreateUsers (20181115164318)
  [1m[35m (0.2ms)[0m  [1m[35mBEGIN[0m
  ↳ bin/rails:9
  [1m[35m (91.9ms)[0m  [1m[35mCREATE TABLE "users" ("id" bigserial primary key, "email" character varying NOT NULL, "password_digest" character varying NOT NULL, "session_token" character varying NOT NULL, "created_at" timestamp NOT NULL, "updated_at" timestamp NOT NULL)[0m
  ↳ db/migrate/20181115164318_create_users.rb:3
  [1m[35m (1.6ms)[0m  [1m[35mCREATE UNIQUE INDEX  "index_users_on_email" ON "users"  ("email")[0m
  ↳ db/migrate/20181115164318_create_users.rb:9
  [1m[35m (1.0ms)[0m  [1m[35mCREATE UNIQUE INDEX  "index_users_on_session_token" ON "users"  ("session_token")[0m
  ↳ db/migrate/20181115164318_create_users.rb:10
  [1m[36mActiveRecord::SchemaMigration Create (3.3ms)[0m  [1m[32mINSERT INTO "schema_migrations" ("version") VALUES ($1) RETURNING "version"[0m  [["version", "20181115164318"]]
  ↳ bin/rails:9
  [1m[35m (0.5ms)[0m  [1m[35mCOMMIT[0m
  ↳ bin/rails:9
  [1m[36mActiveRecord::InternalMetadata Load (0.7ms)[0m  [1m[34mSELECT  "ar_internal_metadata".* FROM "ar_internal_metadata" WHERE "ar_internal_metadata"."key" = $1 LIMIT $2[0m  [["key", "environment"], ["LIMIT", 1]]
  ↳ bin/rails:9
  [1m[35m (0.2ms)[0m  [1m[35mBEGIN[0m
  ↳ bin/rails:9
  [1m[36mActiveRecord::InternalMetadata Create (1.3ms)[0m  [1m[32mINSERT INTO "ar_internal_metadata" ("key", "value", "created_at", "updated_at") VALUES ($1, $2, $3, $4) RETURNING "key"[0m  [["key", "environment"], ["value", "development"], ["created_at", "2018-11-15 17:18:05.777942"], ["updated_at", "2018-11-15 17:18:05.777942"]]
  ↳ bin/rails:9
  [1m[35m (0.3ms)[0m  [1m[35mCOMMIT[0m
  ↳ bin/rails:9
  [1m[35m (0.3ms)[0m  [1m[34mSELECT pg_advisory_unlock(1555902080779534005)[0m
  ↳ bin/rails:9
  [1m[35m (0.7ms)[0m  [1m[34mSELECT "schema_migrations"."version" FROM "schema_migrations" ORDER BY "schema_migrations"."version" ASC[0m
  ↳ bin/rails:9
  [1m[35m (0.9ms)[0m  [1m[34mSELECT "schema_migrations"."version" FROM "schema_migrations" ORDER BY "schema_migrations"."version" ASC[0m
  ↳ bin/rails:9
  [1m[36mUser Load (1.1ms)[0m  [1m[34mSELECT "users".* FROM "users"[0m
  ↳ db/seeds.rb:9
  [1m[35m (0.9ms)[0m  [1m[34mSELECT "schema_migrations"."version" FROM "schema_migrations" ORDER BY "schema_migrations"."version" ASC[0m
  ↳ bin/rails:9
  [1m[36mUser Load (2.0ms)[0m  [1m[34mSELECT "users".* FROM "users"[0m
  ↳ db/seeds.rb:9
  [1m[35m (0.9ms)[0m  [1m[34mSELECT "schema_migrations"."version" FROM "schema_migrations" ORDER BY "schema_migrations"."version" ASC[0m
  ↳ bin/rails:9
  [1m[36mUser Load (0.9ms)[0m  [1m[34mSELECT "users".* FROM "users"[0m
  ↳ db/seeds.rb:9
  [1m[35m (0.2ms)[0m  [1m[35mBEGIN[0m
  ↳ db/seeds.rb:12
  [1m[36mUser Create (1.1ms)[0m  [1m[32mINSERT INTO "users" ("email", "password_digest", "session_token", "created_at", "updated_at") VALUES ($1, $2, $3, $4, $5) RETURNING "id"[0m  [["email", "sherrilrobel@stehr.co"], ["password_digest", "$2a$10$3x0kEUyHjz1ZqWep3NEq2OQwduFo/ik1GoAKvBomRdMkt3lNIfmDO"], ["session_token", "S5DsIc7MHi4e7G9wduMc2A"], ["created_at", "2018-11-15 17:20:13.351624"], ["updated_at", "2018-11-15 17:20:13.351624"]]
  ↳ db/seeds.rb:12
  [1m[35m (0.4ms)[0m  [1m[35mCOMMIT[0m
  ↳ db/seeds.rb:12
  [1m[35m (0.2ms)[0m  [1m[35mBEGIN[0m
  ↳ db/seeds.rb:12
  [1m[36mUser Create (0.5ms)[0m  [1m[32mINSERT INTO "users" ("email", "password_digest", "session_token", "created_at", "updated_at") VALUES ($1, $2, $3, $4, $5) RETURNING "id"[0m  [["email", "barneymuller@mills.name"], ["password_digest", "$2a$10$Y6eMLzqa6exKzzdB8gAYFO0fgCSLNCdgoJWL5tyQlDzYepHPKfB4G"], ["session_token", "vLxT0chzsJvWKVGjVonXpQ"], ["created_at", "2018-11-15 17:20:13.425544"], ["updated_at", "2018-11-15 17:20:13.425544"]]
  ↳ db/seeds.rb:12
  [1m[35m (0.3ms)[0m  [1m[35mCOMMIT[0m
  ↳ db/seeds.rb:12
  [1m[35m (0.2ms)[0m  [1m[35mBEGIN[0m
  ↳ db/seeds.rb:12
  [1m[36mUser Create (0.4ms)[0m  [1m[32mINSERT INTO "users" ("email", "password_digest", "session_token", "created_at", "updated_at") VALUES ($1, $2, $3, $4, $5) RETURNING "id"[0m  [["email", "shirleywiza@hellerfranecki.info"], ["password_digest", "$2a$10$Z9lUoIPLQuol3pYKOVAKeOx5nySBW0ZcDmzcLsrroiwjrgSdQWJya"], ["session_token", "s-OcH8je_QXjamK2r_bCTw"], ["created_at", "2018-11-15 17:20:13.499167"], ["updated_at", "2018-11-15 17:20:13.499167"]]
  ↳ db/seeds.rb:12
  [1m[35m (0.3ms)[0m  [1m[35mCOMMIT[0m
  ↳ db/seeds.rb:12
  [1m[35m (0.2ms)[0m  [1m[35mBEGIN[0m
  ↳ db/seeds.rb:12
  [1m[36mUser Create (0.4ms)[0m  [1m[32mINSERT INTO "users" ("email", "password_digest", "session_token", "created_at", "updated_at") VALUES ($1, $2, $3, $4, $5) RETURNING "id"[0m  [["email", "celsa@hartmannkub.org"], ["password_digest", "$2a$10$XW4gQzKTLtlXZD8xRHSJoe/XHPzhBtVsae/3wJkop01ecZs0imCK."], ["session_token", "8VFUomfOfC6RqINcxoDqhg"], ["created_at", "2018-11-15 17:20:13.571848"], ["updated_at", "2018-11-15 17:20:13.571848"]]
  ↳ db/seeds.rb:12
  [1m[35m (0.4ms)[0m  [1m[35mCOMMIT[0m
  ↳ db/seeds.rb:12
  [1m[35m (0.2ms)[0m  [1m[35mBEGIN[0m
  ↳ db/seeds.rb:12
  [1m[36mUser Create (0.5ms)[0m  [1m[32mINSERT INTO "users" ("email", "password_digest", "session_token", "created_at", "updated_at") VALUES ($1, $2, $3, $4, $5) RETURNING "id"[0m  [["email", "alysonluettgen@bartellernser.name"], ["password_digest", "$2a$10$dgde/2CYrQO4tGxx.x5Iqub0MMuTUghEMXWBJQmje0ZjdmXp0JxqS"], ["session_token", "tAItlV9qSwfmHA9etja6oA"], ["created_at", "2018-11-15 17:20:13.644342"], ["updated_at", "2018-11-15 17:20:13.644342"]]
  ↳ db/seeds.rb:12
  [1m[35m (0.3ms)[0m  [1m[35mCOMMIT[0m
  ↳ db/seeds.rb:12
  [1m[35m (0.2ms)[0m  [1m[35mBEGIN[0m
  ↳ db/seeds.rb:12
  [1m[36mUser Create (0.4ms)[0m  [1m[32mINSERT INTO "users" ("email", "password_digest", "session_token", "created_at", "updated_at") VALUES ($1, $2, $3, $4, $5) RETURNING "id"[0m  [["email", "mickey@emardcollier.com"], ["password_digest", "$2a$10$ZpJLpjyaYczrEok6t5eEjOQEPIKL/ErzzymwZ22GXoPTueTYDdqNK"], ["session_token", "qC_lZrbOlW4IOYZmnfCihw"], ["created_at", "2018-11-15 17:20:13.717228"], ["updated_at", "2018-11-15 17:20:13.717228"]]
  ↳ db/seeds.rb:12
  [1m[35m (0.3ms)[0m  [1m[35mCOMMIT[0m
  ↳ db/seeds.rb:12
  [1m[35m (0.2ms)[0m  [1m[35mBEGIN[0m
  ↳ db/seeds.rb:12
  [1m[36mUser Create (0.5ms)[0m  [1m[32mINSERT INTO "users" ("email", "password_digest", "session_token", "created_at", "updated_at") VALUES ($1, $2, $3, $4, $5) RETURNING "id"[0m  [["email", "blanchedicki@cronin.info"], ["password_digest", "$2a$10$ydKiGGYPT/OtvzGIKNptwujv/eX85qIRkd4DkaSTeB7Zfmou1.lVK"], ["session_token", "6_ik2kAz8HOVBXqvI_G5-Q"], ["created_at", "2018-11-15 17:20:13.790323"], ["updated_at", "2018-11-15 17:20:13.790323"]]
  ↳ db/seeds.rb:12
  [1m[35m (0.3ms)[0m  [1m[35mCOMMIT[0m
  ↳ db/seeds.rb:12
  [1m[35m (0.2ms)[0m  [1m[35mBEGIN[0m
  ↳ db/seeds.rb:12
  [1m[36mUser Create (0.5ms)[0m  [1m[32mINSERT INTO "users" ("email", "password_digest", "session_token", "created_at", "updated_at") VALUES ($1, $2, $3, $4, $5) RETURNING "id"[0m  [["email", "keely@trompfeest.name"], ["password_digest", "$2a$10$d2AMBR9Xz30mOpPNRlISxu7AgeLGXF8kAMydvIJ9LpMLsj8SQrIHy"], ["session_token", "_E4Sw76-zKzXzsrZkSvfRg"], ["created_at", "2018-11-15 17:20:13.864636"], ["updated_at", "2018-11-15 17:20:13.864636"]]
  ↳ db/seeds.rb:12
  [1m[35m (0.3ms)[0m  [1m[35mCOMMIT[0m
  ↳ db/seeds.rb:12
  [1m[35m (0.2ms)[0m  [1m[35mBEGIN[0m
  ↳ db/seeds.rb:12
  [1m[36mUser Create (0.5ms)[0m  [1m[32mINSERT INTO "users" ("email", "password_digest", "session_token", "created_at", "updated_at") VALUES ($1, $2, $3, $4, $5) RETURNING "id"[0m  [["email", "florentinostokes@deckow.biz"], ["password_digest", "$2a$10$sBT.NbDE5mzpaaOxBPveSucTGM.j8hjI5ctHAkK4WtZItRpR4mTjK"], ["session_token", "h67cXPceNjCh7yCmKPddBA"], ["created_at", "2018-11-15 17:20:13.940658"], ["updated_at", "2018-11-15 17:20:13.940658"]]
  ↳ db/seeds.rb:12
  [1m[35m (0.4ms)[0m  [1m[35mCOMMIT[0m
  ↳ db/seeds.rb:12
  [1m[35m (0.2ms)[0m  [1m[35mBEGIN[0m
  ↳ db/seeds.rb:12
  [1m[36mUser Create (0.5ms)[0m  [1m[32mINSERT INTO "users" ("email", "password_digest", "session_token", "created_at", "updated_at") VALUES ($1, $2, $3, $4, $5) RETURNING "id"[0m  [["email", "stewart@huel.biz"], ["password_digest", "$2a$10$F.K6B2oNn5/djBTTNw3nRe5g7qDvN.enZq.FsLEa4VXO/6eq1G8m."], ["session_token", "Mnx6tGVRAABwgrN__ii1EQ"], ["created_at", "2018-11-15 17:20:14.017389"], ["updated_at", "2018-11-15 17:20:14.017389"]]
  ↳ db/seeds.rb:12
  [1m[35m (0.3ms)[0m  [1m[35mCOMMIT[0m
  ↳ db/seeds.rb:12
  [1m[36mUser Load (1.2ms)[0m  [1m[34mSELECT "users".* FROM "users"[0m
  [1m[35m (0.9ms)[0m  [1m[34mSELECT "schema_migrations"."version" FROM "schema_migrations" ORDER BY "schema_migrations"."version" ASC[0m
  ↳ /Users/steveninouye/.rbenv/versions/2.3.1/bin/annotate:23
Started GET "/users" for 127.0.0.1 at 2018-11-15 09:30:29 -0800
  [1m[35m (1.3ms)[0m  [1m[34mSELECT "schema_migrations"."version" FROM "schema_migrations" ORDER BY "schema_migrations"."version" ASC[0m
  ↳ /Users/steveninouye/.rbenv/versions/2.3.1/lib/ruby/gems/2.3.0/gems/activerecord-5.2.1/lib/active_record/log_subscriber.rb:98
Processing by UsersController#index as HTML
Completed 500 Internal Server Error in 24ms (ActiveRecord: 0.0ms)



NameError - uninitialized constant User::LimitValidator:
  app/models/user.rb:19:in `<class:User>'
  app/models/user.rb:13:in `<main>'
  app/controllers/users_controller.rb:7:in `index'

Started POST "/__better_errors/431f375d708cc3b9/variables" for 127.0.0.1 at 2018-11-15 09:30:30 -0800
Started GET "/users" for 127.0.0.1 at 2018-11-15 09:32:10 -0800
Processing by UsersController#index as HTML
Completed 500 Internal Server Error in 9ms (ActiveRecord: 0.0ms)



NameError - uninitialized constant User::LimitValidator:
  app/models/user.rb:19:in `<class:User>'
  app/models/user.rb:13:in `<main>'
  app/controllers/users_controller.rb:7:in `index'

Started POST "/__better_errors/7244981343c769c9/variables" for 127.0.0.1 at 2018-11-15 09:32:21 -0800
Started POST "/__better_errors/7244981343c769c9/eval" for 127.0.0.1 at 2018-11-15 09:34:21 -0800
Started GET "/users" for 127.0.0.1 at 2018-11-15 09:36:52 -0800
Processing by UsersController#index as HTML
  Rendering users/index.html.erb within layouts/application
  [1m[36mUser Load (0.9ms)[0m  [1m[34mSELECT "users".* FROM "users"[0m
  ↳ app/views/users/index.html.erb:16
  Rendered users/index.html.erb within layouts/application (21.6ms)
Completed 200 OK in 944ms (Views: 930.1ms | ActiveRecord: 7.1ms)


Started GET "/users/new" for 127.0.0.1 at 2018-11-15 09:38:36 -0800
Processing by UsersController#new as HTML
  Rendering users/new.html.erb within layouts/application
  Rendered users/_form.html.erb (234.1ms)
  Rendered users/new.html.erb within layouts/application (237.6ms)
Completed 200 OK in 268ms (Views: 264.1ms | ActiveRecord: 0.0ms)


Started GET "/users/new" for 127.0.0.1 at 2018-11-15 09:40:12 -0800
Processing by UsersController#new as HTML
  Rendering users/new.html.erb within layouts/application
  Rendered users/_form.html.erb (4.2ms)
  Rendered users/new.html.erb within layouts/application (8.2ms)
Completed 200 OK in 49ms (Views: 45.2ms | ActiveRecord: 0.0ms)


Started POST "/users" for 127.0.0.1 at 2018-11-15 09:40:18 -0800
Processing by UsersController#create as HTML
  Parameters: {"utf8"=>"✓", "authenticity_token"=>"P5n5IvQOb0nsf/QjgBNCEwJbsggcw4QpsTTU0IAdtSf3v4Rb/PsN612QSlEXL10VrqropklieBCIeVvAScJ+Vg==", "user"=>{"email"=>"nxcnxn", "password_digest"=>"[FILTERED]", "session_token"=>""}, "commit"=>"Create User"}
  [1m[35m (0.2ms)[0m  [1m[35mBEGIN[0m
  ↳ app/controllers/users_controller.rb:30
  [1m[36mUser Exists (1.0ms)[0m  [1m[34mSELECT  1 AS one FROM "users" WHERE "users"."email" = $1 LIMIT $2[0m  [["email", "nxcnxn"], ["LIMIT", 1]]
  ↳ app/controllers/users_controller.rb:30
  [1m[36mUser Exists (0.3ms)[0m  [1m[34mSELECT  1 AS one FROM "users" WHERE "users"."password_digest" = $1 LIMIT $2[0m  [["password_digest", ""], ["LIMIT", 1]]
  ↳ app/controllers/users_controller.rb:30
  [1m[35m (0.2ms)[0m  [1m[31mROLLBACK[0m
  ↳ app/controllers/users_controller.rb:30
  Rendering users/new.html.erb within layouts/application
  Rendered users/_form.html.erb (5.0ms)
  Rendered users/new.html.erb within layouts/application (7.6ms)
Completed 200 OK in 48ms (Views: 36.2ms | ActiveRecord: 1.7ms)


  [1m[36mUser Exists (1.2ms)[0m  [1m[34mSELECT  1 AS one FROM "users" WHERE "users"."email" IS NULL LIMIT $1[0m  [["LIMIT", 1]]
  [1m[36mUser Exists (0.4ms)[0m  [1m[34mSELECT  1 AS one FROM "users" WHERE "users"."password_digest" IS NULL LIMIT $1[0m  [["LIMIT", 1]]
  [1m[36mUser Exists (0.6ms)[0m  [1m[34mSELECT  1 AS one FROM "users" WHERE "users"."email" IS NULL LIMIT $1[0m  [["LIMIT", 1]]
  [1m[36mUser Exists (0.3ms)[0m  [1m[34mSELECT  1 AS one FROM "users" WHERE "users"."password_digest" IS NULL LIMIT $1[0m  [["LIMIT", 1]]
Started POST "/users" for 127.0.0.1 at 2018-11-15 10:29:21 -0800
Processing by UsersController#create as HTML
  Parameters: {"utf8"=>"✓", "authenticity_token"=>"RY1ck/EdTpSXzuHmt25GMx98GiBYLlQbN1V2OFbEQJEh4Tv2Hon/7So4fD9Wc+6J93TR/JzrJxnWkjkI9BoJ1g==", "user"=>{"email"=>"", "password_digest"=>"[FILTERED]", "session_token"=>""}, "commit"=>"Create User"}
Completed 500 Internal Server Error in 34ms (ActiveRecord: 7.9ms)



NoMethodError - undefined method `before_intialize' for #<Class:0x007fc546368658>
Did you mean?  before_save:
  app/models/user.rb:23:in `<class:User>'
  app/models/user.rb:13:in `<main>'
  app/controllers/users_controller.rb:28:in `create'

Started POST "/__better_errors/dc4fdb8651c4aeb0/variables" for 127.0.0.1 at 2018-11-15 10:29:21 -0800
Started GET "/users" for 127.0.0.1 at 2018-11-15 10:29:36 -0800
Processing by UsersController#index as HTML
Completed 500 Internal Server Error in 20ms (ActiveRecord: 0.0ms)



NoMethodError - undefined method `before_intialize' for #<Class:0x007fc53e146990>
Did you mean?  before_save:
  app/models/user.rb:23:in `<class:User>'
  app/models/user.rb:13:in `<main>'
  app/controllers/users_controller.rb:7:in `index'

Started POST "/__better_errors/912ea61c247f70a9/variables" for 127.0.0.1 at 2018-11-15 10:29:36 -0800
Started GET "/users" for 127.0.0.1 at 2018-11-15 10:29:45 -0800
Processing by UsersController#index as HTML
  Rendering users/index.html.erb within layouts/application
  [1m[36mUser Load (1.0ms)[0m  [1m[34mSELECT "users".* FROM "users"[0m
  ↳ app/views/users/index.html.erb:16
  Rendered users/index.html.erb within layouts/application (22.5ms)
Completed 200 OK in 76ms (Views: 60.4ms | ActiveRecord: 7.4ms)


Started GET "/users/new" for 127.0.0.1 at 2018-11-15 10:29:47 -0800
Processing by UsersController#new as HTML
  Rendering users/new.html.erb within layouts/application
  Rendered users/_form.html.erb (4.1ms)
  Rendered users/new.html.erb within layouts/application (8.4ms)
Completed 200 OK in 36ms (Views: 32.1ms | ActiveRecord: 0.0ms)


Started POST "/users" for 127.0.0.1 at 2018-11-15 10:29:49 -0800
Processing by UsersController#create as HTML
  Parameters: {"utf8"=>"✓", "authenticity_token"=>"+BtnvDgs/2wySo+krbRIz/vw5Q16EGT5JO5DiGXQAQAwPRrFMNmdzoOlMdY6iFfJVwG/oy+xmMAdo8yYrA/KcQ==", "user"=>{"email"=>"", "password_digest"=>"[FILTERED]", "session_token"=>""}, "commit"=>"Create User"}
Unpermitted parameters: :password_digest, :session_token
Completed 500 Internal Server Error in 13ms (ActiveRecord: 0.0ms)



NoMethodError - undefined method `validate_otehr_' for #<User:0x007fc53b3342a0>
Did you mean?  validate:
  app/controllers/users_controller.rb:29:in `create'

Started POST "/__better_errors/57f89c58e38cbd28/variables" for 127.0.0.1 at 2018-11-15 10:29:49 -0800
Started POST "/users" for 127.0.0.1 at 2018-11-15 10:30:01 -0800
Processing by UsersController#create as HTML
  Parameters: {"utf8"=>"✓", "authenticity_token"=>"+BtnvDgs/2wySo+krbRIz/vw5Q16EGT5JO5DiGXQAQAwPRrFMNmdzoOlMdY6iFfJVwG/oy+xmMAdo8yYrA/KcQ==", "user"=>{"email"=>"", "password_digest"=>"[FILTERED]", "session_token"=>""}, "commit"=>"Create User"}
Unpermitted parameters: :password_digest, :session_token
  [1m[35m (0.3ms)[0m  [1m[35mBEGIN[0m
  ↳ app/controllers/users_controller.rb:31
  [1m[36mUser Exists (1.0ms)[0m  [1m[34mSELECT  1 AS one FROM "users" WHERE "users"."email" = $1 LIMIT $2[0m  [["email", ""], ["LIMIT", 1]]
  ↳ app/controllers/users_controller.rb:31
  [1m[36mUser Exists (0.5ms)[0m  [1m[34mSELECT  1 AS one FROM "users" WHERE "users"."password_digest" IS NULL LIMIT $1[0m  [["LIMIT", 1]]
  ↳ app/controllers/users_controller.rb:31
  [1m[35m (0.2ms)[0m  [1m[31mROLLBACK[0m
  ↳ app/controllers/users_controller.rb:31
  Rendering users/new.html.erb within layouts/application
  Rendered users/_form.html.erb (4.8ms)
  Rendered users/new.html.erb within layouts/application (8.1ms)
Completed 200 OK in 89ms (Views: 44.4ms | ActiveRecord: 8.6ms)


Started GET "/users" for 127.0.0.1 at 2018-11-15 10:35:55 -0800
Processing by UsersController#index as HTML
  Rendering users/index.html.erb within layouts/application
  [1m[36mUser Load (1.0ms)[0m  [1m[34mSELECT "users".* FROM "users"[0m
  ↳ app/views/users/index.html.erb:16
  Rendered users/index.html.erb within layouts/application (23.3ms)
Completed 200 OK in 60ms (Views: 40.2ms | ActiveRecord: 12.3ms)


Started GET "/users/new" for 127.0.0.1 at 2018-11-15 10:35:57 -0800
Processing by UsersController#new as HTML
  Rendering users/new.html.erb within layouts/application
  Rendered users/_form.html.erb (10.4ms)
  Rendered users/new.html.erb within layouts/application (12.8ms)
Completed 500 Internal Server Error in 23ms (ActiveRecord: 0.0ms)



NoMethodError - undefined method `errors' for #<ActionDispatch::Flash::FlashHash:0x007fc54630b340>:
  app/views/users/_form.html.erb:2:in `block in _app_views_users__form_html_erb___3239175203290685762_70242631522060'
  app/views/users/_form.html.erb:1:in `_app_views_users__form_html_erb___3239175203290685762_70242631522060'
  app/views/users/new.html.erb:3:in `_app_views_users_new_html_erb___1058076000631810147_70242631506320'

Started POST "/__better_errors/ec1bdd18239ca432/variables" for 127.0.0.1 at 2018-11-15 10:35:57 -0800
Started GET "/users/new" for 127.0.0.1 at 2018-11-15 10:36:40 -0800
Processing by UsersController#new as HTML
  Rendering users/new.html.erb within layouts/application
  Rendered users/_form.html.erb (4.8ms)
  Rendered users/new.html.erb within layouts/application (7.1ms)
Completed 500 Internal Server Error in 16ms (ActiveRecord: 0.0ms)



NoMethodError - undefined method `errors' for #<ActionDispatch::Flash::FlashHash:0x007fc53bc0a2a8>:
  app/views/users/_form.html.erb:2:in `block in _app_views_users__form_html_erb___3239175203290685762_70242543849280'
  app/views/users/_form.html.erb:1:in `_app_views_users__form_html_erb___3239175203290685762_70242543849280'
  app/views/users/new.html.erb:3:in `_app_views_users_new_html_erb___1058076000631810147_70242543809440'

Started POST "/__better_errors/df9ec9909cc0e448/variables" for 127.0.0.1 at 2018-11-15 10:36:41 -0800
Started GET "/users/new" for 127.0.0.1 at 2018-11-15 10:38:49 -0800
Processing by UsersController#new as HTML
  Rendering users/new.html.erb within layouts/application
  Rendered users/_form.html.erb (4.7ms)
  Rendered users/new.html.erb within layouts/application (7.5ms)
Completed 500 Internal Server Error in 30ms (ActiveRecord: 6.4ms)



NoMethodError - undefined method `errors' for #<ActionDispatch::Flash::FlashHash:0x007fc54496b6b0>:
  app/views/users/_form.html.erb:2:in `block in _app_views_users__form_html_erb___3239175203290685762_70242624000520'
  app/views/users/_form.html.erb:1:in `_app_views_users__form_html_erb___3239175203290685762_70242624000520'
  app/views/users/new.html.erb:3:in `_app_views_users_new_html_erb___1058076000631810147_70242631467320'

Started POST "/__better_errors/d3c62d89683dfea6/variables" for 127.0.0.1 at 2018-11-15 10:38:49 -0800
Started GET "/users/new" for 127.0.0.1 at 2018-11-15 10:38:58 -0800
Processing by UsersController#new as HTML
  Rendering users/new.html.erb within layouts/application
  Rendered users/_form.html.erb (6.1ms)
  Rendered users/new.html.erb within layouts/application (8.8ms)
Completed 500 Internal Server Error in 31ms (ActiveRecord: 6.2ms)



NoMethodError - undefined method `errors' for #<ActionDispatch::Flash::FlashHash:0x007fc53bc61828>:
  app/views/users/_form.html.erb:2:in `block in _app_views_users__form_html_erb___3239175203290685762_70242538834520'
  app/views/users/_form.html.erb:1:in `_app_views_users__form_html_erb___3239175203290685762_70242538834520'
  app/views/users/new.html.erb:3:in `_app_views_users_new_html_erb___1058076000631810147_70242538904400'

Started POST "/__better_errors/bc836e4c5afa354f/variables" for 127.0.0.1 at 2018-11-15 10:38:58 -0800
Started GET "/users/new" for 127.0.0.1 at 2018-11-15 10:39:35 -0800
Processing by UsersController#new as HTML
  Rendering users/new.html.erb within layouts/application
  Rendered users/_form.html.erb (8.1ms)
  Rendered users/new.html.erb within layouts/application (11.0ms)
Completed 500 Internal Server Error in 33ms (ActiveRecord: 6.1ms)



NoMethodError - undefined method `errors' for #<ActionDispatch::Flash::FlashHash:0x007fc53bb7fc48>:
  app/views/users/_form.html.erb:2:in `block in _app_views_users__form_html_erb___3239175203290685762_70242589648740'
  app/views/users/_form.html.erb:1:in `_app_views_users__form_html_erb___3239175203290685762_70242589648740'
  app/views/users/new.html.erb:3:in `_app_views_users_new_html_erb___1058076000631810147_70242590099840'

Started POST "/__better_errors/c6fb5f2f857f0417/variables" for 127.0.0.1 at 2018-11-15 10:39:35 -0800
Started POST "/__better_errors/c6fb5f2f857f0417/eval" for 127.0.0.1 at 2018-11-15 10:39:59 -0800
Started GET "/users/new" for 127.0.0.1 at 2018-11-15 10:40:29 -0800
Processing by UsersController#new as HTML
  Rendering users/new.html.erb within layouts/application
  Rendered users/_form.html.erb (3.0ms)
  Rendered users/new.html.erb within layouts/application (5.7ms)
Completed 200 OK in 37ms (Views: 33.7ms | ActiveRecord: 0.0ms)


Started GET "/users/new" for 127.0.0.1 at 2018-11-15 10:41:19 -0800
Processing by UsersController#new as HTML
  Rendering users/new.html.erb within layouts/application
  Rendered users/_form.html.erb (6.4ms)
  Rendered users/new.html.erb within layouts/application (8.9ms)
Completed 500 Internal Server Error in 17ms (ActiveRecord: 0.0ms)



NoMethodError - undefined method `errors' for #<ActionDispatch::Flash::FlashHash:0x007fc543c69228>:
  app/views/users/_form.html.erb:2:in `block in _app_views_users__form_html_erb___3239175203290685762_70242611108260'
  app/views/users/_form.html.erb:1:in `_app_views_users__form_html_erb___3239175203290685762_70242611108260'
  app/views/users/new.html.erb:3:in `_app_views_users_new_html_erb___1058076000631810147_70242611158220'

Started POST "/__better_errors/6955c41e71110ac1/variables" for 127.0.0.1 at 2018-11-15 10:41:19 -0800
Started GET "/users/new" for 127.0.0.1 at 2018-11-15 10:43:41 -0800
Processing by UsersController#new as HTML
  Rendering users/new.html.erb within layouts/application
  Rendered users/_form.html.erb (6.0ms)
  Rendered users/new.html.erb within layouts/application (9.7ms)
Completed 500 Internal Server Error in 18ms (ActiveRecord: 0.0ms)



NoMethodError - undefined method `errors' for #<ActionDispatch::Flash::FlashHash:0x007fc545948650>:
  app/views/users/_form.html.erb:36:in `_app_views_users__form_html_erb___3239175203290685762_70242619804860'
  app/views/users/new.html.erb:3:in `_app_views_users_new_html_erb___1058076000631810147_70242617333480'

Started POST "/__better_errors/7db1936aec308c02/variables" for 127.0.0.1 at 2018-11-15 10:43:42 -0800
Started GET "/users/new" for 127.0.0.1 at 2018-11-15 10:44:02 -0800
Processing by UsersController#new as HTML
  Rendering users/new.html.erb within layouts/application
  Rendered users/_form.html.erb (0.5ms)
  Rendered users/new.html.erb within layouts/application (3.1ms)
Completed 200 OK in 28ms (Views: 25.3ms | ActiveRecord: 0.0ms)


Started GET "/users/new" for 127.0.0.1 at 2018-11-15 10:44:40 -0800
Processing by UsersController#new as HTML
  Rendering users/new.html.erb within layouts/application
  Rendered users/_form.html.erb (6.1ms)
  Rendered users/new.html.erb within layouts/application (8.9ms)
Completed 500 Internal Server Error in 32ms (ActiveRecord: 5.5ms)



NoMethodError - undefined method `errors' for #<ActionDispatch::Flash::FlashHash:0x007fc544b68b98>:
  app/views/users/_form.html.erb:36:in `_app_views_users__form_html_erb___3239175203290685762_70242623099920'
  app/views/users/new.html.erb:3:in `_app_views_users_new_html_erb___1058076000631810147_70242540742700'

Started POST "/__better_errors/ee3d28ac41b43b66/variables" for 127.0.0.1 at 2018-11-15 10:44:40 -0800
Started GET "/users/new" for 127.0.0.1 at 2018-11-15 10:45:15 -0800
Processing by UsersController#new as HTML
  Rendering users/new.html.erb within layouts/application
  Rendered users/_form.html.erb (6.9ms)
  Rendered users/new.html.erb within layouts/application (10.6ms)
Completed 500 Internal Server Error in 35ms (ActiveRecord: 7.0ms)



NoMethodError - undefined method `errors' for #<ActionDispatch::Flash::FlashHash:0x007fc53c8ae4f0>:
  app/views/users/_form.html.erb:36:in `_app_views_users__form_html_erb___3239175203290685762_70242590677920'
  app/views/users/new.html.erb:3:in `_app_views_users_new_html_erb___1058076000631810147_70242538902180'

Started POST "/__better_errors/b308008479ee9cbb/variables" for 127.0.0.1 at 2018-11-15 10:45:15 -0800
Started POST "/__better_errors/b308008479ee9cbb/eval" for 127.0.0.1 at 2018-11-15 10:45:38 -0800
Started POST "/__better_errors/b308008479ee9cbb/eval" for 127.0.0.1 at 2018-11-15 10:45:44 -0800
Started POST "/__better_errors/b308008479ee9cbb/eval" for 127.0.0.1 at 2018-11-15 10:46:13 -0800
Started POST "/__better_errors/b308008479ee9cbb/eval" for 127.0.0.1 at 2018-11-15 10:46:34 -0800
Started GET "/users/new" for 127.0.0.1 at 2018-11-15 10:46:54 -0800
Processing by UsersController#new as HTML
  Rendering users/new.html.erb within layouts/application
  Rendered users/_form.html.erb (0.5ms)
  Rendered users/new.html.erb within layouts/application (2.9ms)
Completed 200 OK in 32ms (Views: 28.9ms | ActiveRecord: 0.0ms)


Started GET "/users/new" for 127.0.0.1 at 2018-11-15 10:48:07 -0800
Processing by UsersController#new as HTML
  Rendering users/new.html.erb within layouts/application
  Rendered users/_form.html.erb (3.7ms)
  Rendered users/new.html.erb within layouts/application (6.3ms)
Completed 200 OK in 40ms (Views: 24.4ms | ActiveRecord: 5.9ms)


Started GET "/users/new" for 127.0.0.1 at 2018-11-15 10:48:19 -0800
Processing by UsersController#new as HTML
  Rendering users/new.html.erb within layouts/application
  Rendered users/_form.html.erb (2.5ms)
  Rendered users/new.html.erb within layouts/application (5.8ms)
Completed 200 OK in 30ms (Views: 26.0ms | ActiveRecord: 0.0ms)


Started POST "/users" for 127.0.0.1 at 2018-11-15 10:48:26 -0800
Processing by UsersController#create as HTML
  Parameters: {"utf8"=>"✓", "authenticity_token"=>"dFmZycg8BdxB4vXWSs2S4hlqNURSCespGtPecPtnsdYQNf6sJ6i0pfwUaA+r0DpY8WL+mJbMmCv7FJFAWbn4kQ==", "user"=>{"email"=>"", "password_digest"=>"[FILTERED]", "session_token"=>""}, "commit"=>"Create User"}
Unpermitted parameters: :password_digest, :session_token
Completed 500 Internal Server Error in 184ms (ActiveRecord: 0.0ms)



NameError - undefined local variable or method `passwro' for #<UsersController:0x007fc544a4b788>:
  app/controllers/users_controller.rb:30:in `create'

Started POST "/__better_errors/08c6bdd3621cfb89/variables" for 127.0.0.1 at 2018-11-15 10:48:27 -0800
Started POST "/users" for 127.0.0.1 at 2018-11-15 10:59:04 -0800
Processing by UsersController#create as HTML
  Parameters: {"utf8"=>"✓", "authenticity_token"=>"dFmZycg8BdxB4vXWSs2S4hlqNURSCespGtPecPtnsdYQNf6sJ6i0pfwUaA+r0DpY8WL+mJbMmCv7FJFAWbn4kQ==", "user"=>{"email"=>"", "password_digest"=>"[FILTERED]", "session_token"=>""}, "commit"=>"Create User"}
Unpermitted parameters: :password_digest, :session_token
Completed 500 Internal Server Error in 20ms (ActiveRecord: 10.4ms)



BCrypt::Errors::InvalidHash - invalid hash:
  app/models/user.rb:33:in `is_password?'
  app/controllers/users_controller.rb:28:in `create'

Started POST "/__better_errors/bd08507d978e780e/variables" for 127.0.0.1 at 2018-11-15 10:59:04 -0800
Started GET "/users/new" for 127.0.0.1 at 2018-11-15 10:59:18 -0800
Processing by UsersController#new as HTML
  Rendering users/new.html.erb within layouts/application
  Rendered users/_form.html.erb (3.0ms)
  Rendered users/new.html.erb within layouts/application (5.5ms)
Completed 200 OK in 43ms (Views: 39.5ms | ActiveRecord: 0.0ms)


Started GET "/users/new" for 127.0.0.1 at 2018-11-15 11:00:20 -0800
Processing by UsersController#new as HTML
  Rendering users/new.html.erb within layouts/application
  Rendered users/_form.html.erb (5.0ms)
  Rendered users/new.html.erb within layouts/application (7.8ms)
Completed 500 Internal Server Error in 18ms (ActiveRecord: 0.0ms)



RuntimeError - :
  app/views/users/_form.html.erb:2:in `block in _app_views_users__form_html_erb___3239175203290685762_70242612386580'
  app/views/users/_form.html.erb:1:in `_app_views_users__form_html_erb___3239175203290685762_70242612386580'
  app/views/users/new.html.erb:3:in `_app_views_users_new_html_erb___1058076000631810147_70242551037080'

Started POST "/__better_errors/f28d65f2bd85d5a0/variables" for 127.0.0.1 at 2018-11-15 11:00:20 -0800
Started POST "/__better_errors/f28d65f2bd85d5a0/eval" for 127.0.0.1 at 2018-11-15 11:00:24 -0800
Started POST "/__better_errors/f28d65f2bd85d5a0/eval" for 127.0.0.1 at 2018-11-15 11:00:33 -0800
Started POST "/__better_errors/f28d65f2bd85d5a0/eval" for 127.0.0.1 at 2018-11-15 11:00:40 -0800
Started POST "/__better_errors/f28d65f2bd85d5a0/eval" for 127.0.0.1 at 2018-11-15 11:01:01 -0800
Started POST "/__better_errors/f28d65f2bd85d5a0/eval" for 127.0.0.1 at 2018-11-15 11:01:28 -0800
Started POST "/__better_errors/f28d65f2bd85d5a0/eval" for 127.0.0.1 at 2018-11-15 11:01:49 -0800
Started GET "/users/new" for 127.0.0.1 at 2018-11-15 11:02:34 -0800
Processing by UsersController#new as HTML
  Rendering users/new.html.erb within layouts/application
  Rendered users/_form.html.erb (2.0ms)
  Rendered users/new.html.erb within layouts/application (4.3ms)
Completed 200 OK in 28ms (Views: 24.6ms | ActiveRecord: 0.0ms)


Started POST "/users" for 127.0.0.1 at 2018-11-15 11:02:45 -0800
Processing by UsersController#create as HTML
  Parameters: {"utf8"=>"✓", "authenticity_token"=>"EgL29v/e9cZffLxhAswSWIfpu/gQyQ1DxUPijnOxTDl2bpGTEEpEv+KKIbjj0brib+FwJNQMfkEkhK2+0W8Ffg==", "user"=>{"email"=>"test@test.com", "password"=>"[FILTERED]", "validate_password"=>"[FILTERED]"}, "commit"=>"Create User"}
Unpermitted parameter: :validate_password
  [1m[36mUser Exists (1.9ms)[0m  [1m[34mSELECT  1 AS one FROM "users" WHERE "users"."email" = $1 LIMIT $2[0m  [["email", "test@test.com"], ["LIMIT", 1]]
  ↳ app/controllers/users_controller.rb:29
  [1m[36mUser Exists (0.5ms)[0m  [1m[34mSELECT  1 AS one FROM "users" WHERE "users"."password_digest" = $1 LIMIT $2[0m  [["password_digest", "$2a$10$3LDeoQREoOgsh2Z5qXzIPeutVRNMLqMglm32830PAdpRtnKTu7RPC"], ["LIMIT", 1]]
  ↳ app/controllers/users_controller.rb:29
  Rendering users/new.html.erb within layouts/application
  Rendered users/_form.html.erb (2.6ms)
  Rendered users/new.html.erb within layouts/application (5.2ms)
Completed 200 OK in 181ms (Views: 25.0ms | ActiveRecord: 2.4ms)


Started POST "/users" for 127.0.0.1 at 2018-11-15 11:04:22 -0800
Processing by UsersController#create as HTML
  Parameters: {"utf8"=>"✓", "authenticity_token"=>"eE1wFPwAtpyPkzj7Lm1EtDd1kpA/+vKXdhOmhOfGPMQcIRdxE5QH5TJlpSLPcOwO331ZTPs/gZWX1Om0RRh1gw==", "user"=>{"email"=>"test@test.com", "password"=>"[FILTERED]", "validate_password"=>"[FILTERED]"}, "commit"=>"Create User"}
Unpermitted parameter: :validate_password
  [1m[36mUser Exists (0.7ms)[0m  [1m[34mSELECT  1 AS one FROM "users" WHERE "users"."email" = $1 LIMIT $2[0m  [["email", "test@test.com"], ["LIMIT", 1]]
  ↳ app/controllers/users_controller.rb:30
  [1m[36mUser Exists (0.4ms)[0m  [1m[34mSELECT  1 AS one FROM "users" WHERE "users"."password_digest" = $1 LIMIT $2[0m  [["password_digest", "$2a$10$D2lkdDptB.FEcbm6SJjPnO0LkQ/aAGIzuCaIB2M8h.al.DDEmL3vi"], ["LIMIT", 1]]
  ↳ app/controllers/users_controller.rb:30
  Rendering users/new.html.erb within layouts/application
  Rendered users/_form.html.erb (2.1ms)
  Rendered users/new.html.erb within layouts/application (4.6ms)
Completed 200 OK in 197ms (Views: 30.0ms | ActiveRecord: 7.4ms)


Started POST "/users" for 127.0.0.1 at 2018-11-15 11:05:08 -0800
Processing by UsersController#create as HTML
  Parameters: {"utf8"=>"✓", "authenticity_token"=>"82C1hp5xovfDMG035HBiU803jDpP7+2D/lbg5Z0gg66XDNLjceUTjn7G8O4FbcrpJT9H5osqnoEfka/VP/7K6Q==", "user"=>{"email"=>"test@test.com", "password"=>"[FILTERED]", "validate_password"=>"[FILTERED]"}, "commit"=>"Create User"}
Unpermitted parameter: :validate_password
  [1m[36mUser Exists (0.6ms)[0m  [1m[34mSELECT  1 AS one FROM "users" WHERE "users"."email" = $1 LIMIT $2[0m  [["email", "test@test.com"], ["LIMIT", 1]]
  ↳ app/controllers/users_controller.rb:30
  [1m[36mUser Exists (0.3ms)[0m  [1m[34mSELECT  1 AS one FROM "users" WHERE "users"."password_digest" = $1 LIMIT $2[0m  [["password_digest", "$2a$10$oUVdBAOaszz8mYjN5yxX/ebdSvXcfWKGI9SS2gbhgyHnr3sl8/Od2"], ["LIMIT", 1]]
  ↳ app/controllers/users_controller.rb:30
  Rendering users/new.html.erb within layouts/application
  Rendered users/_form.html.erb (2.0ms)
  Rendered users/new.html.erb within layouts/application (4.2ms)
Completed 200 OK in 175ms (Views: 24.1ms | ActiveRecord: 0.9ms)


Started POST "/users" for 127.0.0.1 at 2018-11-15 11:06:11 -0800
Processing by UsersController#create as HTML
  Parameters: {"utf8"=>"✓", "authenticity_token"=>"kt7BZNEbhBQp7AyiXwo75tRS/M85jc/cPXfEGzQaNL32sqYBPo81bZQakXu+F5NcPFo3E/1IvN7csIsrlsR9+g==", "user"=>{"email"=>"test@test.com", "password"=>"[FILTERED]", "validate_password"=>"[FILTERED]"}, "commit"=>"Create User"}
Unpermitted parameter: :validate_password
  [1m[36mUser Exists (0.7ms)[0m  [1m[34mSELECT  1 AS one FROM "users" WHERE "users"."email" = $1 LIMIT $2[0m  [["email", "test@test.com"], ["LIMIT", 1]]
  ↳ app/controllers/users_controller.rb:30
  [1m[36mUser Exists (0.4ms)[0m  [1m[34mSELECT  1 AS one FROM "users" WHERE "users"."password_digest" = $1 LIMIT $2[0m  [["password_digest", "$2a$10$FSRZy75zNbzDwNqkzFb1s.Pl5A2GlyVhQG8NWVJqeTuOzaHtZaMAO"], ["LIMIT", 1]]
  ↳ app/controllers/users_controller.rb:30
  Rendering users/new.html.erb within layouts/application
  Rendered users/_form.html.erb (2.3ms)
  Rendered users/new.html.erb within layouts/application (4.6ms)
Completed 200 OK in 198ms (Views: 31.6ms | ActiveRecord: 7.5ms)


Started GET "/users" for 127.0.0.1 at 2018-11-15 11:06:42 -0800
Processing by UsersController#index as HTML
  Rendering users/index.html.erb within layouts/application
  [1m[36mUser Load (0.9ms)[0m  [1m[34mSELECT "users".* FROM "users"[0m
  ↳ app/views/users/index.html.erb:16
  Rendered users/index.html.erb within layouts/application (18.6ms)
Completed 200 OK in 54ms (Views: 41.8ms | ActiveRecord: 7.3ms)


Started GET "/users/new" for 127.0.0.1 at 2018-11-15 11:06:44 -0800
Processing by UsersController#new as HTML
  Rendering users/new.html.erb within layouts/application
  Rendered users/_form.html.erb (3.1ms)
  Rendered users/new.html.erb within layouts/application (6.5ms)
Completed 200 OK in 35ms (Views: 31.2ms | ActiveRecord: 0.0ms)


Started POST "/users" for 127.0.0.1 at 2018-11-15 11:06:45 -0800
Processing by UsersController#create as HTML
  Parameters: {"utf8"=>"✓", "authenticity_token"=>"K4P1EhJxlb/PvGHBOEPYfUOVumt8u4siqXN14vKugafjpYhrGoT3HX5T37Ovf8d772TgxSkadxuQPvryO3FK1g==", "user"=>{"email"=>"", "password"=>"[FILTERED]", "validate_password"=>"[FILTERED]"}, "commit"=>"Create User"}
Unpermitted parameter: :validate_password
  [1m[36mUser Exists (0.5ms)[0m  [1m[34mSELECT  1 AS one FROM "users" WHERE "users"."email" = $1 LIMIT $2[0m  [["email", ""], ["LIMIT", 1]]
  ↳ app/controllers/users_controller.rb:30
  [1m[36mUser Exists (0.4ms)[0m  [1m[34mSELECT  1 AS one FROM "users" WHERE "users"."password_digest" = $1 LIMIT $2[0m  [["password_digest", "$2a$10$SjFKKSPHOqmrkMUF6vFlT.u0Jj3axOFEe7DvR/1ia8bsV4eJPjHtm"], ["LIMIT", 1]]
  ↳ app/controllers/users_controller.rb:30
Completed 500 Internal Server Error in 158ms (ActiveRecord: 0.9ms)



NoMethodError - undefined method `erros' for #<User:0x007fc543f83580>
Did you mean?  errors:
  app/controllers/users_controller.rb:35:in `create'

Started POST "/__better_errors/4f479a7f8ba36873/variables" for 127.0.0.1 at 2018-11-15 11:06:45 -0800
Started POST "/users" for 127.0.0.1 at 2018-11-15 11:07:03 -0800
Processing by UsersController#create as HTML
  Parameters: {"utf8"=>"✓", "authenticity_token"=>"K4P1EhJxlb/PvGHBOEPYfUOVumt8u4siqXN14vKugafjpYhrGoT3HX5T37Ovf8d772TgxSkadxuQPvryO3FK1g==", "user"=>{"email"=>"", "password"=>"[FILTERED]", "validate_password"=>"[FILTERED]"}, "commit"=>"Create User"}
Unpermitted parameter: :validate_password
  [1m[36mUser Exists (0.6ms)[0m  [1m[34mSELECT  1 AS one FROM "users" WHERE "users"."email" = $1 LIMIT $2[0m  [["email", ""], ["LIMIT", 1]]
  ↳ app/controllers/users_controller.rb:30
  [1m[36mUser Exists (0.5ms)[0m  [1m[34mSELECT  1 AS one FROM "users" WHERE "users"."password_digest" = $1 LIMIT $2[0m  [["password_digest", "$2a$10$wG6gVkzZ97Cq1pHAlJOWd.IbAtk9f.mzE4WH4uyRGxEFxkpG63HLq"], ["LIMIT", 1]]
  ↳ app/controllers/users_controller.rb:30
  Rendering users/new.html.erb within layouts/application
  Rendered users/_form.html.erb (3.3ms)
  Rendered users/new.html.erb within layouts/application (7.0ms)
Completed 200 OK in 205ms (Views: 33.5ms | ActiveRecord: 7.4ms)


Started GET "/users" for 127.0.0.1 at 2018-11-15 11:10:59 -0800
Processing by UsersController#index as HTML
  Rendering users/index.html.erb within layouts/application
  [1m[36mUser Load (1.0ms)[0m  [1m[34mSELECT "users".* FROM "users"[0m
  ↳ app/views/users/index.html.erb:16
  Rendered users/index.html.erb within layouts/application (15.4ms)
Completed 200 OK in 55ms (Views: 43.1ms | ActiveRecord: 6.3ms)


Started GET "/users/new" for 127.0.0.1 at 2018-11-15 11:11:00 -0800
Processing by UsersController#new as HTML
  Rendering users/new.html.erb within layouts/application
  Rendered users/_form.html.erb (2.5ms)
  Rendered users/new.html.erb within layouts/application (5.2ms)
Completed 200 OK in 33ms (Views: 28.4ms | ActiveRecord: 0.0ms)


Started POST "/users" for 127.0.0.1 at 2018-11-15 11:11:02 -0800
Processing by UsersController#create as HTML
  Parameters: {"utf8"=>"✓", "authenticity_token"=>"TZQjaZHARzFtkdAVs3fxatiI3RmhR0MVYpQFk7Vdrv+Fsl4QmTUlk9x+bmckS+5sdHmHt/Tmvyxb2YqDfIJljg==", "user"=>{"email"=>"", "password"=>"[FILTERED]", "validate_password"=>"[FILTERED]"}, "commit"=>"Create User"}
Unpermitted parameter: :validate_password
  [1m[35m (0.2ms)[0m  [1m[35mBEGIN[0m
  ↳ app/models/user.rb:41
  [1m[36mUser Exists (0.4ms)[0m  [1m[34mSELECT  1 AS one FROM "users" WHERE "users"."email" = $1 LIMIT $2[0m  [["email", ""], ["LIMIT", 1]]
  ↳ app/models/user.rb:41
  [1m[36mUser Exists (0.4ms)[0m  [1m[34mSELECT  1 AS one FROM "users" WHERE "users"."password_digest" = $1 LIMIT $2[0m  [["password_digest", "$2a$10$D6dA2jmhEiSPM0yf8XuuIuY1SNf.Q7cUCC3VXpeZNdvzvr5HxCzC."], ["LIMIT", 1]]
  ↳ app/models/user.rb:41
  [1m[35m (0.3ms)[0m  [1m[31mROLLBACK[0m
  ↳ app/models/user.rb:41
Completed 422 Unprocessable Entity in 82ms (ActiveRecord: 1.3ms)



ActiveRecord::RecordInvalid - Validation failed: Email can't be blank, Password is too short (minimum is 6 characters):
  app/models/user.rb:41:in `reset_session_token!'
  app/controllers/users_controller.rb:28:in `create'

Started POST "/__better_errors/9d1827f45bf96463/variables" for 127.0.0.1 at 2018-11-15 11:11:02 -0800
Started GET "/users/new" for 127.0.0.1 at 2018-11-15 11:12:43 -0800
Processing by UsersController#new as HTML
  Rendering users/new.html.erb within layouts/application
  Rendered users/_form.html.erb (3.7ms)
  Rendered users/new.html.erb within layouts/application (7.6ms)
Completed 200 OK in 59ms (Views: 40.2ms | ActiveRecord: 5.6ms)


Started POST "/users" for 127.0.0.1 at 2018-11-15 11:12:45 -0800
Processing by UsersController#create as HTML
  Parameters: {"utf8"=>"✓", "authenticity_token"=>"QShnNvvw6inN/wgWaQlCGgGCcQlqnEpRCHDzieXa6HclRABTFGRbUHAJlc+IFOqg6Yq61a5ZOVPpt7y5RwShMA==", "user"=>{"email"=>"", "password"=>"[FILTERED]", "validate_password"=>"[FILTERED]"}, "commit"=>"Create User"}
Unpermitted parameter: :validate_password
  [1m[36mUser Exists (0.5ms)[0m  [1m[34mSELECT  1 AS one FROM "users" WHERE "users"."email" = $1 LIMIT $2[0m  [["email", ""], ["LIMIT", 1]]
  ↳ app/controllers/users_controller.rb:32
  [1m[36mUser Exists (0.3ms)[0m  [1m[34mSELECT  1 AS one FROM "users" WHERE "users"."password_digest" = $1 LIMIT $2[0m  [["password_digest", "$2a$10$iwSXBoSRFB3uPjRQsuoiueZGjaSuRfa9nZfp2qWozLFa6yUva3OSa"], ["LIMIT", 1]]
  ↳ app/controllers/users_controller.rb:32
  Rendering users/new.html.erb within layouts/application
  Rendered users/_form.html.erb (2.4ms)
  Rendered users/new.html.erb within layouts/application (4.8ms)
Completed 200 OK in 177ms (Views: 26.9ms | ActiveRecord: 0.8ms)


Started POST "/users" for 127.0.0.1 at 2018-11-15 11:13:02 -0800
Processing by UsersController#create as HTML
  Parameters: {"utf8"=>"✓", "authenticity_token"=>"FbooL+ew+X3X8BRXU5YtTk9EILsbI5bG4RwApnY4SFpx1k9KCCRIBGoGiY6yi4X0p0zrZ9/m5cQA20+W1OYBHQ==", "user"=>{"email"=>"dsfdasf", "password"=>"[FILTERED]", "validate_password"=>"[FILTERED]"}, "commit"=>"Create User"}
Unpermitted parameter: :validate_password
  [1m[36mUser Exists (0.6ms)[0m  [1m[34mSELECT  1 AS one FROM "users" WHERE "users"."email" = $1 LIMIT $2[0m  [["email", "dsfdasf"], ["LIMIT", 1]]
  ↳ app/controllers/users_controller.rb:32
  [1m[36mUser Exists (0.3ms)[0m  [1m[34mSELECT  1 AS one FROM "users" WHERE "users"."password_digest" = $1 LIMIT $2[0m  [["password_digest", "$2a$10$dSm.QHjblWCUUTSaWLRG6uXBNs5sBSjJaRhEkr7ktSVzIkhwX2.fW"], ["LIMIT", 1]]
  ↳ app/controllers/users_controller.rb:32
  Rendering users/new.html.erb within layouts/application
  Rendered users/_form.html.erb (3.1ms)
  Rendered users/new.html.erb within layouts/application (5.8ms)
Completed 200 OK in 202ms (Views: 32.1ms | ActiveRecord: 7.7ms)


Started POST "/users" for 127.0.0.1 at 2018-11-15 11:13:55 -0800
Processing by UsersController#create as HTML
  Parameters: {"utf8"=>"✓", "authenticity_token"=>"mGoyK6yFFRWBPtGyA8pJwFfokn/nQ95M0VSIjv86NP/8BlVOQxGkbDzITGvi1+F6v+BZoyOGrU4wk8e+XeR9uA==", "user"=>{"email"=>"test123@gmail.com", "password"=>"[FILTERED]", "validate_password"=>"[FILTERED]"}, "commit"=>"Create User"}
Unpermitted parameter: :validate_password
  [1m[36mUser Exists (0.5ms)[0m  [1m[34mSELECT  1 AS one FROM "users" WHERE "users"."email" = $1 LIMIT $2[0m  [["email", "test123@gmail.com"], ["LIMIT", 1]]
  ↳ app/controllers/users_controller.rb:32
  [1m[36mUser Exists (0.3ms)[0m  [1m[34mSELECT  1 AS one FROM "users" WHERE "users"."password_digest" = $1 LIMIT $2[0m  [["password_digest", "$2a$10$MZ91r03I3VBxNIX0S2JFKukTNIoQtYhqxV8hkwdghj9oiCAQlVHaC"], ["LIMIT", 1]]
  ↳ app/controllers/users_controller.rb:32
  [1m[35m (0.1ms)[0m  [1m[35mBEGIN[0m
  ↳ app/controllers/users_controller.rb:32
  [1m[36mCACHE User Exists (0.0ms)[0m  [1m[34mSELECT  1 AS one FROM "users" WHERE "users"."email" = $1 LIMIT $2[0m  [["email", "test123@gmail.com"], ["LIMIT", 1]]
  ↳ app/controllers/users_controller.rb:32
  [1m[36mCACHE User Exists (0.0ms)[0m  [1m[34mSELECT  1 AS one FROM "users" WHERE "users"."password_digest" = $1 LIMIT $2[0m  [["password_digest", "$2a$10$MZ91r03I3VBxNIX0S2JFKukTNIoQtYhqxV8hkwdghj9oiCAQlVHaC"], ["LIMIT", 1]]
  ↳ app/controllers/users_controller.rb:32
  [1m[36mUser Create (0.7ms)[0m  [1m[32mINSERT INTO "users" ("email", "password_digest", "session_token", "created_at", "updated_at") VALUES ($1, $2, $3, $4, $5) RETURNING "id"[0m  [["email", "test123@gmail.com"], ["password_digest", "$2a$10$MZ91r03I3VBxNIX0S2JFKukTNIoQtYhqxV8hkwdghj9oiCAQlVHaC"], ["session_token", "2JAaxIFIGNkYnbWyrSK6rA"], ["created_at", "2018-11-15 19:13:55.664031"], ["updated_at", "2018-11-15 19:13:55.664031"]]
  ↳ app/controllers/users_controller.rb:32
  [1m[35m (1.1ms)[0m  [1m[35mCOMMIT[0m
  ↳ app/controllers/users_controller.rb:32
Redirected to http://localhost:3000/users
Completed 302 Found in 152ms (ActiveRecord: 2.8ms)


Started GET "/users" for 127.0.0.1 at 2018-11-15 11:13:55 -0800
Processing by UsersController#index as HTML
  Rendering users/index.html.erb within layouts/application
  [1m[36mUser Load (0.4ms)[0m  [1m[34mSELECT "users".* FROM "users"[0m
  ↳ app/views/users/index.html.erb:16
  Rendered users/index.html.erb within layouts/application (3.5ms)
Completed 200 OK in 26ms (Views: 23.3ms | ActiveRecord: 0.4ms)


Started GET "/users/3" for 127.0.0.1 at 2018-11-15 11:14:48 -0800
Processing by UsersController#show as HTML
  Parameters: {"id"=>"3"}
  [1m[36mUser Load (0.4ms)[0m  [1m[34mSELECT  "users".* FROM "users" WHERE "users"."id" = $1 LIMIT $2[0m  [["id", 3], ["LIMIT", 1]]
  ↳ app/controllers/users_controller.rb:71
Completed 500 Internal Server Error in 180ms (ActiveRecord: 0.7ms)



NameError - undefined local variable or method `user' for #<UsersController:0x007fc544a88d90>
Did you mean?  @user:
  app/controllers/users_controller.rb:14:in `show'

Started POST "/__better_errors/31a2421dbf58c2c5/variables" for 127.0.0.1 at 2018-11-15 11:14:48 -0800
Started GET "/users/3" for 127.0.0.1 at 2018-11-15 11:15:36 -0800
Processing by UsersController#show as HTML
  Parameters: {"id"=>"3"}
  [1m[36mUser Load (0.3ms)[0m  [1m[34mSELECT  "users".* FROM "users" WHERE "users"."id" = $1 LIMIT $2[0m  [["id", 3], ["LIMIT", 1]]
  ↳ app/controllers/users_controller.rb:71
  Rendering users/show.html.erb within layouts/application
  Rendered users/show.html.erb within layouts/application (0.7ms)
Completed 200 OK in 46ms (Views: 25.8ms | ActiveRecord: 6.2ms)


Started GET "/users/new" for 127.0.0.1 at 2018-11-15 11:18:44 -0800
Processing by UsersController#new as HTML
  Rendering users/new.html.erb within layouts/application
  Rendered users/_form.html.erb (2.8ms)
  Rendered users/new.html.erb within layouts/application (5.4ms)
Completed 200 OK in 34ms (Views: 30.7ms | ActiveRecord: 0.0ms)


Started GET "/users/new" for 127.0.0.1 at 2018-11-15 11:18:47 -0800
Processing by UsersController#new as HTML
  Rendering users/new.html.erb within layouts/application
  Rendered users/_form.html.erb (2.0ms)
  Rendered users/new.html.erb within layouts/application (4.5ms)
Completed 200 OK in 27ms (Views: 23.5ms | ActiveRecord: 0.0ms)


Started GET "/users/new" for 127.0.0.1 at 2018-11-15 11:18:48 -0800
Processing by UsersController#new as HTML
  Rendering users/new.html.erb within layouts/application
  Rendered users/_form.html.erb (2.0ms)
  Rendered users/new.html.erb within layouts/application (4.2ms)
Completed 200 OK in 24ms (Views: 21.3ms | ActiveRecord: 0.0ms)


Started POST "/users" for 127.0.0.1 at 2018-11-15 11:18:53 -0800
Processing by UsersController#create as HTML
  Parameters: {"utf8"=>"✓", "authenticity_token"=>"cwhI62aT/vwEcaxSDSzZaYVZmenbaoV4NOXLWAqQ0+4XZC+OiQdPhbmHMYvsMXHTbVFSNR+v9nrVIoRoqE6aqQ==", "user"=>{"email"=>"fdf", "password"=>"[FILTERED]", "validate_password"=>"[FILTERED]"}, "commit"=>"Create User"}
Unpermitted parameter: :validate_password
  [1m[36mUser Exists (0.6ms)[0m  [1m[34mSELECT  1 AS one FROM "users" WHERE "users"."email" = $1 LIMIT $2[0m  [["email", "fdf"], ["LIMIT", 1]]
  ↳ app/controllers/users_controller.rb:32
  [1m[36mUser Exists (0.6ms)[0m  [1m[34mSELECT  1 AS one FROM "users" WHERE "users"."password_digest" = $1 LIMIT $2[0m  [["password_digest", "$2a$10$Gzl52TDCCVurcZ4vcnuq7eVW.y5bFovKPaxCXSblyebzLdYuMxkZq"], ["LIMIT", 1]]
  ↳ app/controllers/users_controller.rb:32
  Rendering users/new.html.erb within layouts/application
  Rendered users/_form.html.erb (2.5ms)
  Rendered users/new.html.erb within layouts/application (4.8ms)
Completed 200 OK in 194ms (Views: 29.3ms | ActiveRecord: 1.2ms)


Started POST "/users" for 127.0.0.1 at 2018-11-15 11:19:08 -0800
Processing by UsersController#create as HTML
  Parameters: {"utf8"=>"✓", "authenticity_token"=>"V/rEiNfzS5Wn6/eLz42Pi30f6UuKzpJQL5GcgFOvAjszlqPtOGf67BodalIukCcxlRcil04L4VLOVtOw8XFLfA==", "user"=>{"email"=>"test1@gmail.com", "password"=>"[FILTERED]", "validate_password"=>"[FILTERED]"}, "commit"=>"Create User"}
Unpermitted parameter: :validate_password
  [1m[36mUser Exists (0.5ms)[0m  [1m[34mSELECT  1 AS one FROM "users" WHERE "users"."email" = $1 LIMIT $2[0m  [["email", "test1@gmail.com"], ["LIMIT", 1]]
  ↳ app/controllers/users_controller.rb:32
  [1m[36mUser Exists (0.3ms)[0m  [1m[34mSELECT  1 AS one FROM "users" WHERE "users"."password_digest" = $1 LIMIT $2[0m  [["password_digest", "$2a$10$OjcFPB3y8sJ5KjDhP8JItu0zXD4lscpCPqfF3O4evDE/8MHrNmSFa"], ["LIMIT", 1]]
  ↳ app/controllers/users_controller.rb:32
  [1m[35m (0.1ms)[0m  [1m[35mBEGIN[0m
  ↳ app/controllers/users_controller.rb:32
  [1m[36mCACHE User Exists (0.0ms)[0m  [1m[34mSELECT  1 AS one FROM "users" WHERE "users"."email" = $1 LIMIT $2[0m  [["email", "test1@gmail.com"], ["LIMIT", 1]]
  ↳ app/controllers/users_controller.rb:32
  [1m[36mCACHE User Exists (0.0ms)[0m  [1m[34mSELECT  1 AS one FROM "users" WHERE "users"."password_digest" = $1 LIMIT $2[0m  [["password_digest", "$2a$10$OjcFPB3y8sJ5KjDhP8JItu0zXD4lscpCPqfF3O4evDE/8MHrNmSFa"], ["LIMIT", 1]]
  ↳ app/controllers/users_controller.rb:32
  [1m[36mUser Create (0.4ms)[0m  [1m[32mINSERT INTO "users" ("email", "password_digest", "session_token", "created_at", "updated_at") VALUES ($1, $2, $3, $4, $5) RETURNING "id"[0m  [["email", "test1@gmail.com"], ["password_digest", "$2a$10$OjcFPB3y8sJ5KjDhP8JItu0zXD4lscpCPqfF3O4evDE/8MHrNmSFa"], ["session_token", "l9ThyKRepguLBv3sx6yw_g"], ["created_at", "2018-11-15 19:19:08.414128"], ["updated_at", "2018-11-15 19:19:08.414128"]]
  ↳ app/controllers/users_controller.rb:32
  [1m[35m (0.9ms)[0m  [1m[35mCOMMIT[0m
  ↳ app/controllers/users_controller.rb:32
Redirected to http://localhost:3000/users
Completed 302 Found in 151ms (ActiveRecord: 2.2ms)


Started GET "/users" for 127.0.0.1 at 2018-11-15 11:19:08 -0800
Processing by UsersController#index as HTML
  Rendering users/index.html.erb within layouts/application
  [1m[36mUser Load (0.4ms)[0m  [1m[34mSELECT "users".* FROM "users"[0m
  ↳ app/views/users/index.html.erb:16
  Rendered users/index.html.erb within layouts/application (3.7ms)
Completed 200 OK in 26ms (Views: 22.8ms | ActiveRecord: 0.4ms)


Started GET "/users/3/edit" for 127.0.0.1 at 2018-11-15 11:19:27 -0800
Processing by UsersController#edit as HTML
  Parameters: {"id"=>"3"}
  [1m[36mUser Load (0.4ms)[0m  [1m[34mSELECT  "users".* FROM "users" WHERE "users"."id" = $1 LIMIT $2[0m  [["id", 3], ["LIMIT", 1]]
  ↳ app/controllers/users_controller.rb:71
  Rendering users/edit.html.erb within layouts/application
  Rendered users/_form.html.erb (2.1ms)
  Rendered users/edit.html.erb within layouts/application (4.6ms)
Completed 200 OK in 27ms (Views: 22.7ms | ActiveRecord: 0.4ms)


Started GET "/users/3/edit" for 127.0.0.1 at 2018-11-15 11:22:32 -0800
Processing by UsersController#edit as HTML
  Parameters: {"id"=>"3"}
  [1m[36mUser Load (0.4ms)[0m  [1m[34mSELECT  "users".* FROM "users" WHERE "users"."id" = $1 LIMIT $2[0m  [["id", 3], ["LIMIT", 1]]
  ↳ app/controllers/users_controller.rb:71
  Rendering users/edit.html.erb within layouts/application
  Rendered users/_form.html.erb (2.4ms)
  Rendered users/edit.html.erb within layouts/application (4.9ms)
Completed 200 OK in 29ms (Views: 25.4ms | ActiveRecord: 0.4ms)


Started GET "/users/new" for 127.0.0.1 at 2018-11-15 11:25:44 -0800
Processing by UsersController#new as HTML
  Rendering users/new.html.erb within layouts/application
  Rendered users/_form.html.erb (3.7ms)
  Rendered users/new.html.erb within layouts/application (6.8ms)
Completed 200 OK in 50ms (Views: 33.1ms | ActiveRecord: 6.1ms)


Started POST "/users" for 127.0.0.1 at 2018-11-15 11:25:55 -0800
Processing by UsersController#create as HTML
  Parameters: {"utf8"=>"✓", "authenticity_token"=>"Nwy5kaYWjKsSsI85J2blVqJmXAxKje8qm+1kRx6kaGpTYN70SYI90q9GEuDGe03sSm6X0I5InCh6Kit3vHohLQ==", "user"=>{"email"=>"supersteve@gmail.com", "new_password"=>"[FILTERED]", "validate_new_password"=>"[FILTERED]"}, "commit"=>"Create User"}
  [1m[36mUser Exists (0.5ms)[0m  [1m[34mSELECT  1 AS one FROM "users" WHERE "users"."email" = $1 LIMIT $2[0m  [["email", "supersteve@gmail.com"], ["LIMIT", 1]]
  ↳ app/controllers/users_controller.rb:32
  [1m[36mUser Exists (0.3ms)[0m  [1m[34mSELECT  1 AS one FROM "users" WHERE "users"."password_digest" = $1 LIMIT $2[0m  [["password_digest", "$2a$10$DwVDRD.N2nfK7avjuCE8EOCrgjElO/OrCkzElyCSt7demAlPVAUgu"], ["LIMIT", 1]]
  ↳ app/controllers/users_controller.rb:32
  Rendering users/new.html.erb within layouts/application
  Rendered users/_form.html.erb (2.1ms)
  Rendered users/new.html.erb within layouts/application (4.5ms)
Completed 200 OK in 176ms (Views: 26.1ms | ActiveRecord: 0.8ms)


Started GET "/users/new" for 127.0.0.1 at 2018-11-15 11:27:07 -0800
Processing by UsersController#new as HTML
  Rendering users/new.html.erb within layouts/application
  [1m[36mUser Exists (0.5ms)[0m  [1m[34mSELECT  1 AS one FROM "users" WHERE "users"."email" IS NULL LIMIT $1[0m  [["LIMIT", 1]]
  ↳ app/views/users/_form.html.erb:19
  [1m[36mUser Exists (0.3ms)[0m  [1m[34mSELECT  1 AS one FROM "users" WHERE "users"."password_digest" IS NULL LIMIT $1[0m  [["LIMIT", 1]]
  ↳ app/views/users/_form.html.erb:19
  Rendered users/_form.html.erb (5.5ms)
  Rendered users/new.html.erb within layouts/application (8.3ms)
Completed 200 OK in 30ms (Views: 27.0ms | ActiveRecord: 0.8ms)


Started POST "/users" for 127.0.0.1 at 2018-11-15 11:27:22 -0800
Processing by UsersController#create as HTML
  Parameters: {"utf8"=>"✓", "authenticity_token"=>"KQApQPEHGpKVbbrKI5QGceNSB+m+6Q0tLR8QhtHtpdxNbE4lHpOr6yibJxPCia7LC1rMNXosfi/M2F+2czPsmw==", "user"=>{"email"=>"supersteve@gmail.com", "new_password"=>"[FILTERED]", "validate_new_password"=>"[FILTERED]"}, "commit"=>"Create User"}
  [1m[36mUser Exists (0.5ms)[0m  [1m[34mSELECT  1 AS one FROM "users" WHERE "users"."email" = $1 LIMIT $2[0m  [["email", "supersteve@gmail.com"], ["LIMIT", 1]]
  ↳ app/controllers/users_controller.rb:32
  [1m[36mUser Exists (0.4ms)[0m  [1m[34mSELECT  1 AS one FROM "users" WHERE "users"."password_digest" = $1 LIMIT $2[0m  [["password_digest", "$2a$10$zloaDtPa0tgkbNe4Apg/denGNtg1HzBRYSky3e/XuJKKgxweOTENK"], ["LIMIT", 1]]
  ↳ app/controllers/users_controller.rb:32
  Rendering users/new.html.erb within layouts/application
  [1m[36mCACHE User Exists (0.0ms)[0m  [1m[34mSELECT  1 AS one FROM "users" WHERE "users"."email" = $1 LIMIT $2[0m  [["email", "supersteve@gmail.com"], ["LIMIT", 1]]
  ↳ app/views/users/_form.html.erb:19
  [1m[36mCACHE User Exists (0.0ms)[0m  [1m[34mSELECT  1 AS one FROM "users" WHERE "users"."password_digest" = $1 LIMIT $2[0m  [["password_digest", "$2a$10$zloaDtPa0tgkbNe4Apg/denGNtg1HzBRYSky3e/XuJKKgxweOTENK"], ["LIMIT", 1]]
  ↳ app/views/users/_form.html.erb:19
  Rendered users/_form.html.erb (4.0ms)
  Rendered users/new.html.erb within layouts/application (6.2ms)
Completed 200 OK in 175ms (Views: 24.5ms | ActiveRecord: 0.9ms)


Started GET "/users/new" for 127.0.0.1 at 2018-11-15 11:28:22 -0800
Processing by UsersController#new as HTML
  Rendering users/new.html.erb within layouts/application
  [1m[36mUser Exists (0.4ms)[0m  [1m[34mSELECT  1 AS one FROM "users" WHERE "users"."email" IS NULL LIMIT $1[0m  [["LIMIT", 1]]
  ↳ app/views/users/_form.html.erb:19
  [1m[36mUser Exists (0.3ms)[0m  [1m[34mSELECT  1 AS one FROM "users" WHERE "users"."password_digest" IS NULL LIMIT $1[0m  [["LIMIT", 1]]
  ↳ app/views/users/_form.html.erb:19
  Rendered users/_form.html.erb (5.5ms)
  Rendered users/new.html.erb within layouts/application (8.1ms)
Completed 200 OK in 47ms (Views: 29.8ms | ActiveRecord: 6.7ms)


Started POST "/users" for 127.0.0.1 at 2018-11-15 11:28:29 -0800
Processing by UsersController#create as HTML
  Parameters: {"utf8"=>"✓", "authenticity_token"=>"It87TjLKesC218whzbCvMDox1Lj/JflOtNoc+PRTWPdGs1wr3V7LuQshUfgsrQeK0jkfZDvgikxVHVPIVo0RsA==", "user"=>{"email"=>"supersteve@gmail.com", "new_password"=>"[FILTERED]", "validate_new_password"=>"[FILTERED]"}, "commit"=>"Create User"}
Completed 500 Internal Server Error in 257ms (ActiveRecord: 0.0ms)



NameError - undefined local variable or method `user' for #<UsersController:0x007fc53c936968>
Did you mean?  @user:
  app/controllers/users_controller.rb:29:in `create'

Started POST "/__better_errors/21dd8795580e12c2/variables" for 127.0.0.1 at 2018-11-15 11:28:29 -0800
Started POST "/users" for 127.0.0.1 at 2018-11-15 11:28:43 -0800
Processing by UsersController#create as HTML
  Parameters: {"utf8"=>"✓", "authenticity_token"=>"It87TjLKesC218whzbCvMDox1Lj/JflOtNoc+PRTWPdGs1wr3V7LuQshUfgsrQeK0jkfZDvgikxVHVPIVo0RsA==", "user"=>{"email"=>"supersteve@gmail.com", "new_password"=>"[FILTERED]", "validate_new_password"=>"[FILTERED]"}, "commit"=>"Create User"}
  [1m[36mUser Exists (0.7ms)[0m  [1m[34mSELECT  1 AS one FROM "users" WHERE "users"."email" = $1 LIMIT $2[0m  [["email", "supersteve@gmail.com"], ["LIMIT", 1]]
  ↳ app/controllers/users_controller.rb:32
  [1m[36mUser Exists (0.5ms)[0m  [1m[34mSELECT  1 AS one FROM "users" WHERE "users"."password_digest" = $1 LIMIT $2[0m  [["password_digest", "$2a$10$fyT3sUKWBroc.RLla6aNg.5ZBJzJB9Bz8O0b7kCVzoyQ5ujxMP9R6"], ["LIMIT", 1]]
  ↳ app/controllers/users_controller.rb:32
  Rendering users/new.html.erb within layouts/application
  [1m[36mCACHE User Exists (0.0ms)[0m  [1m[34mSELECT  1 AS one FROM "users" WHERE "users"."email" = $1 LIMIT $2[0m  [["email", "supersteve@gmail.com"], ["LIMIT", 1]]
  ↳ app/views/users/_form.html.erb:19
  [1m[36mCACHE User Exists (0.0ms)[0m  [1m[34mSELECT  1 AS one FROM "users" WHERE "users"."password_digest" = $1 LIMIT $2[0m  [["password_digest", "$2a$10$fyT3sUKWBroc.RLla6aNg.5ZBJzJB9Bz8O0b7kCVzoyQ5ujxMP9R6"], ["LIMIT", 1]]
  ↳ app/views/users/_form.html.erb:19
  Rendered users/_form.html.erb (4.5ms)
  Rendered users/new.html.erb within layouts/application (8.1ms)
Completed 200 OK in 206ms (Views: 36.9ms | ActiveRecord: 8.2ms)


Started POST "/users" for 127.0.0.1 at 2018-11-15 11:29:07 -0800
Processing by UsersController#create as HTML
  Parameters: {"utf8"=>"✓", "authenticity_token"=>"It87TjLKesC218whzbCvMDox1Lj/JflOtNoc+PRTWPdGs1wr3V7LuQshUfgsrQeK0jkfZDvgikxVHVPIVo0RsA==", "user"=>{"email"=>"supersteve@gmail.com", "new_password"=>"[FILTERED]", "validate_new_password"=>"[FILTERED]"}, "commit"=>"Create User"}
  [1m[36mUser Exists (0.5ms)[0m  [1m[34mSELECT  1 AS one FROM "users" WHERE "users"."email" = $1 LIMIT $2[0m  [["email", "supersteve@gmail.com"], ["LIMIT", 1]]
  ↳ app/controllers/users_controller.rb:32
  [1m[36mUser Exists (0.3ms)[0m  [1m[34mSELECT  1 AS one FROM "users" WHERE "users"."password_digest" = $1 LIMIT $2[0m  [["password_digest", "$2a$10$TfoEVYmuZoT.ZZIFXIDifuLoZUUSpYNV.4su/ErWR11KCNl0TPiXy"], ["LIMIT", 1]]
  ↳ app/controllers/users_controller.rb:32
  [1m[35m (0.2ms)[0m  [1m[35mBEGIN[0m
  ↳ app/controllers/users_controller.rb:32
  [1m[36mCACHE User Exists (0.0ms)[0m  [1m[34mSELECT  1 AS one FROM "users" WHERE "users"."email" = $1 LIMIT $2[0m  [["email", "supersteve@gmail.com"], ["LIMIT", 1]]
  ↳ app/controllers/users_controller.rb:32
  [1m[36mCACHE User Exists (0.0ms)[0m  [1m[34mSELECT  1 AS one FROM "users" WHERE "users"."password_digest" = $1 LIMIT $2[0m  [["password_digest", "$2a$10$TfoEVYmuZoT.ZZIFXIDifuLoZUUSpYNV.4su/ErWR11KCNl0TPiXy"], ["LIMIT", 1]]
  ↳ app/controllers/users_controller.rb:32
  [1m[36mUser Create (0.4ms)[0m  [1m[32mINSERT INTO "users" ("email", "password_digest", "session_token", "created_at", "updated_at") VALUES ($1, $2, $3, $4, $5) RETURNING "id"[0m  [["email", "supersteve@gmail.com"], ["password_digest", "$2a$10$TfoEVYmuZoT.ZZIFXIDifuLoZUUSpYNV.4su/ErWR11KCNl0TPiXy"], ["session_token", "-uvwst8I9_3JJFDKKofazg"], ["created_at", "2018-11-15 19:29:07.325562"], ["updated_at", "2018-11-15 19:29:07.325562"]]
  ↳ app/controllers/users_controller.rb:32
  [1m[35m (0.4ms)[0m  [1m[35mCOMMIT[0m
  ↳ app/controllers/users_controller.rb:32
Redirected to http://localhost:3000/users
Completed 302 Found in 167ms (ActiveRecord: 9.0ms)


Started GET "/users" for 127.0.0.1 at 2018-11-15 11:29:07 -0800
Processing by UsersController#index as HTML
  Rendering users/index.html.erb within layouts/application
  [1m[36mUser Load (0.5ms)[0m  [1m[34mSELECT "users".* FROM "users"[0m
  ↳ app/views/users/index.html.erb:16
  Rendered users/index.html.erb within layouts/application (5.3ms)
Completed 200 OK in 33ms (Views: 29.3ms | ActiveRecord: 0.5ms)


Started GET "/users/new" for 127.0.0.1 at 2018-11-15 11:29:11 -0800
Processing by UsersController#new as HTML
  Rendering users/new.html.erb within layouts/application
  [1m[36mUser Exists (0.4ms)[0m  [1m[34mSELECT  1 AS one FROM "users" WHERE "users"."email" IS NULL LIMIT $1[0m  [["LIMIT", 1]]
  ↳ app/views/users/_form.html.erb:19
  [1m[36mUser Exists (0.5ms)[0m  [1m[34mSELECT  1 AS one FROM "users" WHERE "users"."password_digest" IS NULL LIMIT $1[0m  [["LIMIT", 1]]
  ↳ app/views/users/_form.html.erb:19
  Rendered users/_form.html.erb (5.6ms)
  Rendered users/new.html.erb within layouts/application (8.0ms)
Completed 200 OK in 33ms (Views: 27.5ms | ActiveRecord: 0.9ms)


Started POST "/users" for 127.0.0.1 at 2018-11-15 11:29:13 -0800
Processing by UsersController#create as HTML
  Parameters: {"utf8"=>"✓", "authenticity_token"=>"BBwd+dkEenBCg8jS03KujwiXwxQ2XBXj84w6BSLmOvvMOmCA0fEY0vNsdqBETrGJpGaZumP96drKwbUV6znxig==", "user"=>{"email"=>"", "new_password"=>"[FILTERED]", "validate_new_password"=>"[FILTERED]"}, "commit"=>"Create User"}
  [1m[36mUser Exists (0.5ms)[0m  [1m[34mSELECT  1 AS one FROM "users" WHERE "users"."email" = $1 LIMIT $2[0m  [["email", ""], ["LIMIT", 1]]
  ↳ app/controllers/users_controller.rb:32
  [1m[36mUser Exists (0.4ms)[0m  [1m[34mSELECT  1 AS one FROM "users" WHERE "users"."password_digest" = $1 LIMIT $2[0m  [["password_digest", "$2a$10$xRdj9XZW7JREPZgGL5Hrie3JKhsHv.eeBvZTdyTgyGnil/Hbt.cJ."], ["LIMIT", 1]]
  ↳ app/controllers/users_controller.rb:32
  Rendering users/new.html.erb within layouts/application
  [1m[36mCACHE User Exists (0.0ms)[0m  [1m[34mSELECT  1 AS one FROM "users" WHERE "users"."email" = $1 LIMIT $2[0m  [["email", ""], ["LIMIT", 1]]
  ↳ app/views/users/_form.html.erb:19
  [1m[36mCACHE User Exists (0.0ms)[0m  [1m[34mSELECT  1 AS one FROM "users" WHERE "users"."password_digest" = $1 LIMIT $2[0m  [["password_digest", "$2a$10$xRdj9XZW7JREPZgGL5Hrie3JKhsHv.eeBvZTdyTgyGnil/Hbt.cJ."], ["LIMIT", 1]]
  ↳ app/views/users/_form.html.erb:19
  Rendered users/_form.html.erb (5.0ms)
  Rendered users/new.html.erb within layouts/application (7.4ms)
Completed 200 OK in 184ms (Views: 30.5ms | ActiveRecord: 0.9ms)


Started POST "/users" for 127.0.0.1 at 2018-11-15 11:29:18 -0800
Processing by UsersController#create as HTML
  Parameters: {"utf8"=>"✓", "authenticity_token"=>"u9VwjVNEgaHHdQuolbyog6FRcGx1mQtGuHzVQ1wE3fbfuRfovNAw2HqDlnF0oQA5SVm7sLFceERZu5pz/tqUsQ==", "user"=>{"email"=>"dfafaf", "new_password"=>"[FILTERED]", "validate_new_password"=>"[FILTERED]"}, "commit"=>"Create User"}
  [1m[36mUser Exists (0.5ms)[0m  [1m[34mSELECT  1 AS one FROM "users" WHERE "users"."email" = $1 LIMIT $2[0m  [["email", "dfafaf"], ["LIMIT", 1]]
  ↳ app/controllers/users_controller.rb:32
  [1m[36mUser Exists (0.3ms)[0m  [1m[34mSELECT  1 AS one FROM "users" WHERE "users"."password_digest" = $1 LIMIT $2[0m  [["password_digest", "$2a$10$lkWIv7a12MBldLDMPOXR7OnGbgntnv9sT4ta/WhNV1cvE6wqHA32."], ["LIMIT", 1]]
  ↳ app/controllers/users_controller.rb:32
  Rendering users/new.html.erb within layouts/application
  [1m[36mCACHE User Exists (0.0ms)[0m  [1m[34mSELECT  1 AS one FROM "users" WHERE "users"."email" = $1 LIMIT $2[0m  [["email", "dfafaf"], ["LIMIT", 1]]
  ↳ app/views/users/_form.html.erb:19
  [1m[36mCACHE User Exists (0.0ms)[0m  [1m[34mSELECT  1 AS one FROM "users" WHERE "users"."password_digest" = $1 LIMIT $2[0m  [["password_digest", "$2a$10$lkWIv7a12MBldLDMPOXR7OnGbgntnv9sT4ta/WhNV1cvE6wqHA32."], ["LIMIT", 1]]
  ↳ app/views/users/_form.html.erb:19
  Rendered users/_form.html.erb (3.7ms)
  Rendered users/new.html.erb within layouts/application (6.0ms)
Completed 200 OK in 180ms (Views: 24.7ms | ActiveRecord: 0.9ms)


Started GET "/users/1/edit" for 127.0.0.1 at 2018-11-15 11:29:28 -0800
Processing by UsersController#edit as HTML
  Parameters: {"id"=>"1"}
  [1m[36mUser Load (0.4ms)[0m  [1m[34mSELECT  "users".* FROM "users" WHERE "users"."id" = $1 LIMIT $2[0m  [["id", 1], ["LIMIT", 1]]
  ↳ app/controllers/users_controller.rb:71
  Rendering users/edit.html.erb within layouts/application
  [1m[36mUser Exists (0.7ms)[0m  [1m[34mSELECT  1 AS one FROM "users" WHERE "users"."email" = $1 AND "users"."id" != $2 LIMIT $3[0m  [["email", "sherrilrobel@stehr.co"], ["id", 1], ["LIMIT", 1]]
  ↳ app/views/users/_form.html.erb:19
  [1m[36mUser Exists (0.3ms)[0m  [1m[34mSELECT  1 AS one FROM "users" WHERE "users"."password_digest" = $1 AND "users"."id" != $2 LIMIT $3[0m  [["password_digest", "$2a$10$3x0kEUyHjz1ZqWep3NEq2OQwduFo/ik1GoAKvBomRdMkt3lNIfmDO"], ["id", 1], ["LIMIT", 1]]
  ↳ app/views/users/_form.html.erb:19
  Rendered users/_form.html.erb (5.6ms)
  Rendered users/edit.html.erb within layouts/application (8.2ms)
Completed 200 OK in 32ms (Views: 26.4ms | ActiveRecord: 1.4ms)


Started GET "/users/new" for 127.0.0.1 at 2018-11-15 11:34:24 -0800
Processing by UsersController#new as HTML
  Rendering users/new.html.erb within layouts/application
  [1m[36mUser Exists (0.5ms)[0m  [1m[34mSELECT  1 AS one FROM "users" WHERE "users"."email" IS NULL LIMIT $1[0m  [["LIMIT", 1]]
  ↳ app/views/users/_form.html.erb:19
  [1m[36mUser Exists (0.3ms)[0m  [1m[34mSELECT  1 AS one FROM "users" WHERE "users"."password_digest" IS NULL LIMIT $1[0m  [["LIMIT", 1]]
  ↳ app/views/users/_form.html.erb:19
  Rendered users/_form.html.erb (5.6ms)
  Rendered users/new.html.erb within layouts/application (7.9ms)
Completed 200 OK in 55ms (Views: 38.0ms | ActiveRecord: 6.0ms)


Started POST "/users" for 127.0.0.1 at 2018-11-15 11:34:34 -0800
Processing by UsersController#create as HTML
  Parameters: {"utf8"=>"✓", "authenticity_token"=>"e3UgL2L7jfGaUxqpNjNj9PPrhuxkO39lCiMZ8aW72MAfGUdKjW88iCelh3DXLstOG+NNMKD+DGfr5FbBB2WRhw==", "user"=>{"email"=>"yyyy@dsfdkjasf.com", "new_password"=>"[FILTERED]", "validate_new_password"=>"[FILTERED]"}, "commit"=>"Create User"}
Completed 500 Internal Server Error in 2ms (ActiveRecord: 0.0ms)



NoMethodError - undefined method `[]' for nil:NilClass:
  app/controllers/users_controller.rb:29:in `create'

Started POST "/__better_errors/871aedacf97d1905/variables" for 127.0.0.1 at 2018-11-15 11:34:34 -0800
Started POST "/__better_errors/871aedacf97d1905/eval" for 127.0.0.1 at 2018-11-15 11:35:11 -0800
Started POST "/users" for 127.0.0.1 at 2018-11-15 11:36:58 -0800
Processing by UsersController#create as HTML
  Parameters: {"utf8"=>"✓", "authenticity_token"=>"e3UgL2L7jfGaUxqpNjNj9PPrhuxkO39lCiMZ8aW72MAfGUdKjW88iCelh3DXLstOG+NNMKD+DGfr5FbBB2WRhw==", "user"=>{"email"=>"yyyy@dsfdkjasf.com", "new_password"=>"[FILTERED]", "validate_new_password"=>"[FILTERED]"}, "commit"=>"Create User"}
Completed 500 Internal Server Error in 14ms (ActiveRecord: 5.7ms)



ActiveModel::UnknownAttributeError - unknown attribute 'new_password' for User.:
  app/controllers/users_controller.rb:28:in `create'

Started POST "/__better_errors/c669924da14c7418/variables" for 127.0.0.1 at 2018-11-15 11:36:58 -0800
Started GET "/users/new" for 127.0.0.1 at 2018-11-15 11:37:03 -0800
Processing by UsersController#new as HTML
  Rendering users/new.html.erb within layouts/application
  [1m[36mUser Exists (0.5ms)[0m  [1m[34mSELECT  1 AS one FROM "users" WHERE "users"."email" IS NULL LIMIT $1[0m  [["LIMIT", 1]]
  ↳ app/views/users/_form.html.erb:19
  [1m[36mUser Exists (0.4ms)[0m  [1m[34mSELECT  1 AS one FROM "users" WHERE "users"."password_digest" IS NULL LIMIT $1[0m  [["LIMIT", 1]]
  ↳ app/views/users/_form.html.erb:19
  Rendered users/_form.html.erb (7.0ms)
  Rendered users/new.html.erb within layouts/application (9.9ms)
Completed 200 OK in 46ms (Views: 42.2ms | ActiveRecord: 0.8ms)


Started POST "/users" for 127.0.0.1 at 2018-11-15 11:37:20 -0800
Processing by UsersController#create as HTML
  Parameters: {"utf8"=>"✓", "authenticity_token"=>"+hw+eBumrA3DRqyGSo1TKAjlow1KWwgZHY5B68bwaWmecFkd9DIddH6wMV+rkPuS4O1o0Y6eexv8SQ7bZC4gLg==", "user"=>{"email"=>"glkjsd@.com", "new_password"=>"[FILTERED]", "validate_new_password"=>"[FILTERED]"}, "commit"=>"Create User"}
Completed 500 Internal Server Error in 2ms (ActiveRecord: 0.0ms)



ActiveModel::UnknownAttributeError - unknown attribute 'new_password' for User.:
  app/controllers/users_controller.rb:28:in `create'

Started POST "/__better_errors/3759e678df6d4068/variables" for 127.0.0.1 at 2018-11-15 11:37:20 -0800
Started POST "/__better_errors/3759e678df6d4068/eval" for 127.0.0.1 at 2018-11-15 11:37:25 -0800
Started POST "/__better_errors/3759e678df6d4068/eval" for 127.0.0.1 at 2018-11-15 11:37:45 -0800
Started POST "/__better_errors/3759e678df6d4068/eval" for 127.0.0.1 at 2018-11-15 11:38:12 -0800
Started POST "/__better_errors/3759e678df6d4068/eval" for 127.0.0.1 at 2018-11-15 11:39:18 -0800
Started POST "/__better_errors/3759e678df6d4068/eval" for 127.0.0.1 at 2018-11-15 11:39:28 -0800
Started POST "/users" for 127.0.0.1 at 2018-11-15 11:39:56 -0800
Processing by UsersController#create as HTML
  Parameters: {"utf8"=>"✓", "authenticity_token"=>"+hw+eBumrA3DRqyGSo1TKAjlow1KWwgZHY5B68bwaWmecFkd9DIddH6wMV+rkPuS4O1o0Y6eexv8SQ7bZC4gLg==", "user"=>{"email"=>"glkjsd@.com", "new_password"=>"[FILTERED]", "validate_new_password"=>"[FILTERED]"}, "commit"=>"Create User"}
Completed 500 Internal Server Error in 2ms (ActiveRecord: 0.0ms)



ActiveModel::UnknownAttributeError - unknown attribute 'new_password' for User.:
  app/controllers/users_controller.rb:28:in `create'

Started POST "/__better_errors/954120a7ae183f81/variables" for 127.0.0.1 at 2018-11-15 11:39:56 -0800
Started GET "/users/new" for 127.0.0.1 at 2018-11-15 11:44:05 -0800
Processing by UsersController#new as HTML
Completed 400 Bad Request in 1ms (ActiveRecord: 0.0ms)



ActionController::ParameterMissing - param is missing or the value is empty: user:
  app/controllers/users_controller.rb:81:in `get_user_params'

Started POST "/__better_errors/8836963ba9116e27/variables" for 127.0.0.1 at 2018-11-15 11:44:05 -0800
Started GET "/users/1/edit" for 127.0.0.1 at 2018-11-15 11:44:29 -0800
Processing by UsersController#edit as HTML
  Parameters: {"id"=>"1"}
  [1m[36mUser Load (0.3ms)[0m  [1m[34mSELECT  "users".* FROM "users" WHERE "users"."id" = $1 LIMIT $2[0m  [["id", 1], ["LIMIT", 1]]
  ↳ app/controllers/users_controller.rb:71
  Rendering users/edit.html.erb within layouts/application
  [1m[36mUser Exists (0.5ms)[0m  [1m[34mSELECT  1 AS one FROM "users" WHERE "users"."email" = $1 AND "users"."id" != $2 LIMIT $3[0m  [["email", "sherrilrobel@stehr.co"], ["id", 1], ["LIMIT", 1]]
  ↳ app/views/users/_form.html.erb:19
  [1m[36mUser Exists (0.4ms)[0m  [1m[34mSELECT  1 AS one FROM "users" WHERE "users"."password_digest" = $1 AND "users"."id" != $2 LIMIT $3[0m  [["password_digest", "$2a$10$3x0kEUyHjz1ZqWep3NEq2OQwduFo/ik1GoAKvBomRdMkt3lNIfmDO"], ["id", 1], ["LIMIT", 1]]
  ↳ app/views/users/_form.html.erb:19
  Rendered users/_form.html.erb (6.1ms)
  Rendered users/edit.html.erb within layouts/application (9.7ms)
Completed 200 OK in 61ms (Views: 40.8ms | ActiveRecord: 6.5ms)


Started GET "/users/1/edit" for 127.0.0.1 at 2018-11-15 11:44:31 -0800
Processing by UsersController#edit as HTML
  Parameters: {"id"=>"1"}
  [1m[36mUser Load (0.5ms)[0m  [1m[34mSELECT  "users".* FROM "users" WHERE "users"."id" = $1 LIMIT $2[0m  [["id", 1], ["LIMIT", 1]]
  ↳ app/controllers/users_controller.rb:71
  Rendering users/edit.html.erb within layouts/application
  [1m[36mUser Exists (0.4ms)[0m  [1m[34mSELECT  1 AS one FROM "users" WHERE "users"."email" = $1 AND "users"."id" != $2 LIMIT $3[0m  [["email", "sherrilrobel@stehr.co"], ["id", 1], ["LIMIT", 1]]
  ↳ app/views/users/_form.html.erb:19
  [1m[36mUser Exists (0.3ms)[0m  [1m[34mSELECT  1 AS one FROM "users" WHERE "users"."password_digest" = $1 AND "users"."id" != $2 LIMIT $3[0m  [["password_digest", "$2a$10$3x0kEUyHjz1ZqWep3NEq2OQwduFo/ik1GoAKvBomRdMkt3lNIfmDO"], ["id", 1], ["LIMIT", 1]]
  ↳ app/views/users/_form.html.erb:19
  Rendered users/_form.html.erb (5.2ms)
  Rendered users/edit.html.erb within layouts/application (7.9ms)
Completed 200 OK in 34ms (Views: 29.5ms | ActiveRecord: 1.2ms)


Started GET "/users/new" for 127.0.0.1 at 2018-11-15 11:44:36 -0800
Processing by UsersController#new as HTML
Completed 400 Bad Request in 1ms (ActiveRecord: 0.0ms)



ActionController::ParameterMissing - param is missing or the value is empty: user:
  app/controllers/users_controller.rb:81:in `get_user_params'

Started POST "/__better_errors/70acc8533d7b0935/variables" for 127.0.0.1 at 2018-11-15 11:44:36 -0800
Started GET "/users/new" for 127.0.0.1 at 2018-11-15 11:45:04 -0800
Processing by UsersController#new as HTML
  Rendering users/new.html.erb within layouts/application
  [1m[36mUser Exists (0.6ms)[0m  [1m[34mSELECT  1 AS one FROM "users" WHERE "users"."email" IS NULL LIMIT $1[0m  [["LIMIT", 1]]
  ↳ app/views/users/_form.html.erb:19
  [1m[36mUser Exists (0.4ms)[0m  [1m[34mSELECT  1 AS one FROM "users" WHERE "users"."password_digest" IS NULL LIMIT $1[0m  [["LIMIT", 1]]
  ↳ app/views/users/_form.html.erb:19
  Rendered users/_form.html.erb (7.6ms)
  Rendered users/new.html.erb within layouts/application (10.3ms)
Completed 200 OK in 56ms (Views: 39.1ms | ActiveRecord: 6.7ms)


Started GET "/users/new" for 127.0.0.1 at 2018-11-15 11:45:07 -0800
Processing by UsersController#new as HTML
  Rendering users/new.html.erb within layouts/application
  [1m[36mUser Exists (0.4ms)[0m  [1m[34mSELECT  1 AS one FROM "users" WHERE "users"."email" IS NULL LIMIT $1[0m  [["LIMIT", 1]]
  ↳ app/views/users/_form.html.erb:19
  [1m[36mUser Exists (0.3ms)[0m  [1m[34mSELECT  1 AS one FROM "users" WHERE "users"."password_digest" IS NULL LIMIT $1[0m  [["LIMIT", 1]]
  ↳ app/views/users/_form.html.erb:19
  Rendered users/_form.html.erb (5.0ms)
  Rendered users/new.html.erb within layouts/application (7.4ms)
Completed 200 OK in 32ms (Views: 28.5ms | ActiveRecord: 0.7ms)


Started POST "/users" for 127.0.0.1 at 2018-11-15 11:45:11 -0800
Processing by UsersController#create as HTML
  Parameters: {"utf8"=>"✓", "authenticity_token"=>"bgmHyibSiN+pNKSw9ak1l4TzpWN1HHLkJHgutGTnYEMKZeCvyUY5phTCOWkUtJ0tbPtuv7HZAebFv2GExjkpBA==", "user"=>{"email"=>"dfakljh", "new_password"=>"[FILTERED]", "validate_new_password"=>"[FILTERED]"}, "commit"=>"Create User"}
Completed 500 Internal Server Error in 2ms (ActiveRecord: 0.0ms)



NoMethodError - undefined method `[]' for nil:NilClass:
  app/controllers/users_controller.rb:28:in `create'

Started POST "/__better_errors/13da2dbcd728334f/variables" for 127.0.0.1 at 2018-11-15 11:45:11 -0800
Started GET "/users/new" for 127.0.0.1 at 2018-11-15 11:45:53 -0800
Processing by UsersController#new as HTML
  Rendering users/new.html.erb within layouts/application
  [1m[36mUser Exists (0.7ms)[0m  [1m[34mSELECT  1 AS one FROM "users" WHERE "users"."email" IS NULL LIMIT $1[0m  [["LIMIT", 1]]
  ↳ app/views/users/_form.html.erb:19
  [1m[36mUser Exists (0.3ms)[0m  [1m[34mSELECT  1 AS one FROM "users" WHERE "users"."password_digest" IS NULL LIMIT $1[0m  [["LIMIT", 1]]
  ↳ app/views/users/_form.html.erb:19
  Rendered users/_form.html.erb (7.8ms)
  Rendered users/new.html.erb within layouts/application (11.4ms)
Completed 200 OK in 62ms (Views: 37.8ms | ActiveRecord: 12.1ms)


Started POST "/users" for 127.0.0.1 at 2018-11-15 11:45:57 -0800
Processing by UsersController#create as HTML
  Parameters: {"utf8"=>"✓", "authenticity_token"=>"XgoIbNAK31Sv6UiQ+y0d6qFkfHYGott6ly6OHVJMyaA6Zm8JP55uLRIf1UkaMLVQSWy3qsJnqHh26cEt8JKA5w==", "user"=>{"email"=>"dgdasg", "new_password"=>"[FILTERED]", "validate_new_password"=>"[FILTERED]"}, "commit"=>"Create User"}
  [1m[36mUser Exists (0.9ms)[0m  [1m[34mSELECT  1 AS one FROM "users" WHERE "users"."email" = $1 LIMIT $2[0m  [["email", "dgdasg"], ["LIMIT", 1]]
  ↳ app/controllers/users_controller.rb:32
  [1m[36mUser Exists (0.3ms)[0m  [1m[34mSELECT  1 AS one FROM "users" WHERE "users"."password_digest" = $1 LIMIT $2[0m  [["password_digest", "$2a$10$WJcn6XQKZ.Y/nLPpZOLZt.D.wQhvEfhm.2zQsQnp5De/1Qt2CRmna"], ["LIMIT", 1]]
  ↳ app/controllers/users_controller.rb:32
  Rendering users/new.html.erb within layouts/application
  [1m[36mCACHE User Exists (0.0ms)[0m  [1m[34mSELECT  1 AS one FROM "users" WHERE "users"."email" = $1 LIMIT $2[0m  [["email", "dgdasg"], ["LIMIT", 1]]
  ↳ app/views/users/_form.html.erb:19
  [1m[36mCACHE User Exists (0.0ms)[0m  [1m[34mSELECT  1 AS one FROM "users" WHERE "users"."password_digest" = $1 LIMIT $2[0m  [["password_digest", "$2a$10$WJcn6XQKZ.Y/nLPpZOLZt.D.wQhvEfhm.2zQsQnp5De/1Qt2CRmna"], ["LIMIT", 1]]
  ↳ app/views/users/_form.html.erb:19
  Rendered users/_form.html.erb (4.7ms)
  Rendered users/new.html.erb within layouts/application (7.9ms)
Completed 200 OK in 178ms (Views: 28.0ms | ActiveRecord: 1.3ms)


Started POST "/users" for 127.0.0.1 at 2018-11-15 11:46:17 -0800
Processing by UsersController#create as HTML
  Parameters: {"utf8"=>"✓", "authenticity_token"=>"dWmv5XEUAkDmyXUbP/GAz6uTwPPda0Sd8LaMTinfeh8RBciAnoCzOVs/6MLe7Ch1Q5sLLxmuN58RccN+iwEzWA==", "user"=>{"email"=>"dgdasg", "password"=>"[FILTERED]", "new_password"=>"[FILTERED]", "validate_new_password"=>"[FILTERED]"}, "commit"=>"Create User"}
  [1m[36mUser Exists (0.5ms)[0m  [1m[34mSELECT  1 AS one FROM "users" WHERE "users"."email" = $1 LIMIT $2[0m  [["email", "dgdasg"], ["LIMIT", 1]]
  ↳ app/controllers/users_controller.rb:32
  [1m[36mUser Exists (0.3ms)[0m  [1m[34mSELECT  1 AS one FROM "users" WHERE "users"."password_digest" = $1 LIMIT $2[0m  [["password_digest", "$2a$10$vEP3fR55YQVFxtu3B1NCoOZuMYTBDBthtNkQFlT.l09c7riwqh.Ea"], ["LIMIT", 1]]
  ↳ app/controllers/users_controller.rb:32
  Rendering users/new.html.erb within layouts/application
  [1m[36mCACHE User Exists (0.0ms)[0m  [1m[34mSELECT  1 AS one FROM "users" WHERE "users"."email" = $1 LIMIT $2[0m  [["email", "dgdasg"], ["LIMIT", 1]]
  ↳ app/views/users/_form.html.erb:19
  [1m[36mCACHE User Exists (0.0ms)[0m  [1m[34mSELECT  1 AS one FROM "users" WHERE "users"."password_digest" = $1 LIMIT $2[0m  [["password_digest", "$2a$10$vEP3fR55YQVFxtu3B1NCoOZuMYTBDBthtNkQFlT.l09c7riwqh.Ea"], ["LIMIT", 1]]
  ↳ app/views/users/_form.html.erb:19
  Rendered users/_form.html.erb (4.2ms)
  Rendered users/new.html.erb within layouts/application (7.3ms)
Completed 200 OK in 176ms (Views: 26.7ms | ActiveRecord: 0.9ms)


Started POST "/users" for 127.0.0.1 at 2018-11-15 11:46:36 -0800
Processing by UsersController#create as HTML
  Parameters: {"utf8"=>"✓", "authenticity_token"=>"KEXzumlZ9LIhsyNuhpsrHe362VE5z9trIBSEScruCm9MKZTfhs1Fy5xFvrdnhoOnBfISjf0KqGnB08t5aDBDKA==", "user"=>{"email"=>"dgdasg", "new_password"=>"[FILTERED]", "validate_new_password"=>"[FILTERED]"}, "commit"=>"Create User"}
  [1m[36mUser Exists (0.5ms)[0m  [1m[34mSELECT  1 AS one FROM "users" WHERE "users"."email" = $1 LIMIT $2[0m  [["email", "dgdasg"], ["LIMIT", 1]]
  ↳ app/controllers/users_controller.rb:32
  [1m[36mUser Exists (0.3ms)[0m  [1m[34mSELECT  1 AS one FROM "users" WHERE "users"."password_digest" = $1 LIMIT $2[0m  [["password_digest", "$2a$10$Cgk7ZcJrVnuImwGO0zDzvOb//QR1Tkwbd7UHknqwm2pSTwrIHHJ4."], ["LIMIT", 1]]
  ↳ app/controllers/users_controller.rb:32
  [1m[35m (0.1ms)[0m  [1m[35mBEGIN[0m
  ↳ app/controllers/users_controller.rb:32
  [1m[36mCACHE User Exists (0.0ms)[0m  [1m[34mSELECT  1 AS one FROM "users" WHERE "users"."email" = $1 LIMIT $2[0m  [["email", "dgdasg"], ["LIMIT", 1]]
  ↳ app/controllers/users_controller.rb:32
  [1m[36mCACHE User Exists (0.0ms)[0m  [1m[34mSELECT  1 AS one FROM "users" WHERE "users"."password_digest" = $1 LIMIT $2[0m  [["password_digest", "$2a$10$Cgk7ZcJrVnuImwGO0zDzvOb//QR1Tkwbd7UHknqwm2pSTwrIHHJ4."], ["LIMIT", 1]]
  ↳ app/controllers/users_controller.rb:32
  [1m[36mUser Create (0.6ms)[0m  [1m[32mINSERT INTO "users" ("email", "password_digest", "session_token", "created_at", "updated_at") VALUES ($1, $2, $3, $4, $5) RETURNING "id"[0m  [["email", "dgdasg"], ["password_digest", "$2a$10$Cgk7ZcJrVnuImwGO0zDzvOb//QR1Tkwbd7UHknqwm2pSTwrIHHJ4."], ["session_token", "R847RmQu41RFC-mCMFJgxw"], ["created_at", "2018-11-15 19:46:36.189087"], ["updated_at", "2018-11-15 19:46:36.189087"]]
  ↳ app/controllers/users_controller.rb:32
  [1m[35m (1.1ms)[0m  [1m[35mCOMMIT[0m
  ↳ app/controllers/users_controller.rb:32
Redirected to http://localhost:3000/users
Completed 302 Found in 152ms (ActiveRecord: 2.7ms)


Started GET "/users" for 127.0.0.1 at 2018-11-15 11:46:36 -0800
Processing by UsersController#index as HTML
  Rendering users/index.html.erb within layouts/application
  [1m[36mUser Load (0.5ms)[0m  [1m[34mSELECT "users".* FROM "users"[0m
  ↳ app/views/users/index.html.erb:16
  Rendered users/index.html.erb within layouts/application (4.2ms)
Completed 200 OK in 28ms (Views: 23.1ms | ActiveRecord: 0.5ms)


Started GET "/users/1/edit" for 127.0.0.1 at 2018-11-15 11:47:15 -0800
Processing by UsersController#edit as HTML
  Parameters: {"id"=>"1"}
  [1m[36mUser Load (0.5ms)[0m  [1m[34mSELECT  "users".* FROM "users" WHERE "users"."id" = $1 LIMIT $2[0m  [["id", 1], ["LIMIT", 1]]
  ↳ app/controllers/users_controller.rb:71
  Rendering users/edit.html.erb within layouts/application
  [1m[36mUser Exists (0.5ms)[0m  [1m[34mSELECT  1 AS one FROM "users" WHERE "users"."email" = $1 AND "users"."id" != $2 LIMIT $3[0m  [["email", "sherrilrobel@stehr.co"], ["id", 1], ["LIMIT", 1]]
  ↳ app/views/users/_form.html.erb:19
  [1m[36mUser Exists (0.3ms)[0m  [1m[34mSELECT  1 AS one FROM "users" WHERE "users"."password_digest" = $1 AND "users"."id" != $2 LIMIT $3[0m  [["password_digest", "$2a$10$3x0kEUyHjz1ZqWep3NEq2OQwduFo/ik1GoAKvBomRdMkt3lNIfmDO"], ["id", 1], ["LIMIT", 1]]
  ↳ app/views/users/_form.html.erb:19
  Rendered users/_form.html.erb (4.5ms)
  Rendered users/edit.html.erb within layouts/application (6.8ms)
Completed 200 OK in 32ms (Views: 25.7ms | ActiveRecord: 1.5ms)


Started GET "/users/13/edit" for 127.0.0.1 at 2018-11-15 11:47:27 -0800
Processing by UsersController#edit as HTML
  Parameters: {"id"=>"13"}
  [1m[36mUser Load (0.9ms)[0m  [1m[34mSELECT  "users".* FROM "users" WHERE "users"."id" = $1 LIMIT $2[0m  [["id", 13], ["LIMIT", 1]]
  ↳ app/controllers/users_controller.rb:71
  Rendering users/edit.html.erb within layouts/application
  [1m[36mUser Exists (0.5ms)[0m  [1m[34mSELECT  1 AS one FROM "users" WHERE "users"."email" = $1 AND "users"."id" != $2 LIMIT $3[0m  [["email", "supersteve@gmail.com"], ["id", 13], ["LIMIT", 1]]
  ↳ app/views/users/_form.html.erb:19
  [1m[36mUser Exists (0.5ms)[0m  [1m[34mSELECT  1 AS one FROM "users" WHERE "users"."password_digest" = $1 AND "users"."id" != $2 LIMIT $3[0m  [["password_digest", "$2a$10$TfoEVYmuZoT.ZZIFXIDifuLoZUUSpYNV.4su/ErWR11KCNl0TPiXy"], ["id", 13], ["LIMIT", 1]]
  ↳ app/views/users/_form.html.erb:19
  Rendered users/_form.html.erb (6.1ms)
  Rendered users/edit.html.erb within layouts/application (10.6ms)
Completed 200 OK in 37ms (Views: 31.1ms | ActiveRecord: 1.9ms)


Started PATCH "/users/13" for 127.0.0.1 at 2018-11-15 11:47:37 -0800
Processing by UsersController#update as HTML
  Parameters: {"utf8"=>"✓", "authenticity_token"=>"PsxKX+uqgDo83AH98nt7C5Ogc++gidlwhapJABCyEqy8eC6aW4ZjCK5av2RgQHBAPbxzBd06KZvvcaHObtVzXw==", "user"=>{"email"=>"supersteve@gmail.com", "password"=>"[FILTERED]", "new_password"=>"[FILTERED]", "validate_new_password"=>"[FILTERED]"}, "commit"=>"Update User", "id"=>"13"}
  [1m[36mUser Load (0.5ms)[0m  [1m[34mSELECT  "users".* FROM "users" WHERE "users"."id" = $1 LIMIT $2[0m  [["id", 13], ["LIMIT", 1]]
  ↳ app/controllers/users_controller.rb:71
Completed 500 Internal Server Error in 210ms (ActiveRecord: 0.5ms)



NameError - undefined local variable or method `user_params' for #<UsersController:0x007fc544c1a690>
Did you mean?  @user_params:
  app/controllers/users_controller.rb:48:in `block in update'
  app/controllers/users_controller.rb:47:in `update'

Started POST "/__better_errors/efa1eae0d8f594e7/variables" for 127.0.0.1 at 2018-11-15 11:47:38 -0800
  [1m[36mUser Load (0.7ms)[0m  [1m[34mSELECT  "users".* FROM "users" ORDER BY "users"."id" DESC LIMIT $1[0m  [["LIMIT", 1]]
  [1m[36mUser Load (0.6ms)[0m  [1m[34mSELECT  "users".* FROM "users" ORDER BY "users"."id" DESC LIMIT $1[0m  [["LIMIT", 1]]
  [1m[35m (0.2ms)[0m  [1m[35mBEGIN[0m
  [1m[36mUser Destroy (42.4ms)[0m  [1m[31mDELETE FROM "users" WHERE "users"."id" = $1[0m  [["id", 14]]
  [1m[35m (0.6ms)[0m  [1m[35mCOMMIT[0m
